Test Error	Training Error	Valid Error	
 4.5480e-01	 5.3298e-01	 4.4220e-01	
 3.9500e-01	 3.4978e-01	 3.7980e-01	
 3.0610e-01	 3.0136e-01	 3.0260e-01	
 3.2200e-01	 2.7424e-01	 3.1240e-01	
 3.1780e-01	 2.6349e-01	 3.0920e-01	
 2.7710e-01	 2.5238e-01	 2.7840e-01	
 2.6710e-01	 2.4522e-01	 2.5740e-01	
 2.4970e-01	 2.3916e-01	 2.4100e-01	
 2.5600e-01	 2.3636e-01	 2.6260e-01	
 2.5570e-01	 2.3298e-01	 2.4700e-01	
 2.6830e-01	 2.3171e-01	 2.6000e-01	
 2.5710e-01	 2.2522e-01	 2.4820e-01	
 2.6700e-01	 2.2600e-01	 2.6500e-01	
 3.1270e-01	 2.2671e-01	 3.0880e-01	
 2.4800e-01	 2.2498e-01	 2.4440e-01	
 2.4940e-01	 2.2284e-01	 2.3600e-01	
 2.5040e-01	 2.2527e-01	 2.4380e-01	
 2.3340e-01	 2.2364e-01	 2.3460e-01	
 2.3660e-01	 2.2358e-01	 2.2880e-01	
 2.3940e-01	 2.2071e-01	 2.3620e-01	
 2.4730e-01	 2.1911e-01	 2.4120e-01	
 2.3220e-01	 2.2036e-01	 2.2580e-01	
 2.4520e-01	 2.1724e-01	 2.3580e-01	
 3.2900e-01	 2.1638e-01	 3.1620e-01	
 3.1340e-01	 2.1976e-01	 3.0340e-01	
 2.4750e-01	 2.1820e-01	 2.4680e-01	
 2.3390e-01	 2.1953e-01	 2.2540e-01	
 2.6080e-01	 2.2033e-01	 2.4100e-01	
 2.6400e-01	 2.2000e-01	 2.6440e-01	
 2.3980e-01	 2.1716e-01	 2.3060e-01	
 2.5710e-01	 2.1982e-01	 2.4400e-01	
 2.6020e-01	 2.2082e-01	 2.4320e-01	
 2.5190e-01	 2.1598e-01	 2.3860e-01	
 2.8890e-01	 2.1791e-01	 2.7580e-01	
 2.9330e-01	 2.1876e-01	 2.7540e-01	
 3.2640e-01	 2.1776e-01	 3.1880e-01	
 2.6760e-01	 2.1987e-01	 2.4980e-01	
 2.5780e-01	 2.1698e-01	 2.4160e-01	
 2.3980e-01	 2.1849e-01	 2.3360e-01	
 2.6190e-01	 2.1876e-01	 2.5940e-01	
 2.9970e-01	 2.1820e-01	 2.8220e-01	
 2.5920e-01	 2.1836e-01	 2.5000e-01	
 2.7740e-01	 2.1727e-01	 2.6320e-01	
 2.8570e-01	 2.1742e-01	 2.7020e-01	
 2.8310e-01	 2.1953e-01	 2.6340e-01	
 2.4260e-01	 2.1624e-01	 2.3780e-01	
 3.0800e-01	 2.1842e-01	 2.8880e-01	
 3.2490e-01	 2.1569e-01	 3.1120e-01	
 2.9280e-01	 2.1998e-01	 2.7400e-01	
 2.5140e-01	 2.1556e-01	 2.3960e-01	
 2.2940e-01	 1.7569e-01	 2.2100e-01	
 2.3480e-01	 1.6527e-01	 2.2340e-01	
 2.5750e-01	 1.6271e-01	 2.4500e-01	
 1.8720e-01	 1.6140e-01	 1.8100e-01	
 2.0260e-01	 1.6033e-01	 1.9200e-01	
 2.3290e-01	 1.5878e-01	 2.1100e-01	
 1.9720e-01	 1.5847e-01	 1.8280e-01	
 2.0440e-01	 1.6033e-01	 1.9120e-01	
 2.1540e-01	 1.5782e-01	 2.0040e-01	
 2.1870e-01	 1.5704e-01	 2.0780e-01	
 1.8990e-01	 1.6102e-01	 1.8120e-01	
 2.5100e-01	 1.5853e-01	 2.4300e-01	
 2.1770e-01	 1.5587e-01	 2.0880e-01	
 2.3640e-01	 1.5798e-01	 2.1960e-01	
 1.9190e-01	 1.5627e-01	 1.8360e-01	
 2.2720e-01	 1.5800e-01	 2.2380e-01	
 2.0400e-01	 1.5836e-01	 1.9160e-01	
 1.9730e-01	 1.5762e-01	 1.9320e-01	
 2.1480e-01	 1.5758e-01	 1.9200e-01	
 1.8460e-01	 1.5707e-01	 1.8100e-01	
 2.1780e-01	 1.5836e-01	 2.0840e-01	
 2.2070e-01	 1.5660e-01	 2.2140e-01	
 2.3970e-01	 1.5500e-01	 2.3320e-01	
 2.1670e-01	 1.5856e-01	 2.0980e-01	
 1.9120e-01	 1.5622e-01	 1.7380e-01	
 2.0220e-01	 1.5704e-01	 1.9040e-01	
 1.9900e-01	 1.5762e-01	 1.9880e-01	
 2.2770e-01	 1.5862e-01	 2.0980e-01	
 2.0610e-01	 1.5771e-01	 2.0000e-01	
 2.0300e-01	 1.5504e-01	 1.9280e-01	
 1.9010e-01	 1.5704e-01	 1.9140e-01	
 2.1610e-01	 1.5542e-01	 2.0920e-01	
 1.9750e-01	 1.5609e-01	 1.7780e-01	
 2.1500e-01	 1.5438e-01	 2.0820e-01	
 2.7240e-01	 1.5716e-01	 2.7040e-01	
 1.9930e-01	 1.5527e-01	 1.8760e-01	
 1.9060e-01	 1.5889e-01	 1.8880e-01	
 2.4290e-01	 1.5493e-01	 2.2440e-01	
 2.1180e-01	 1.5742e-01	 1.9900e-01	
 1.8160e-01	 1.5449e-01	 1.7420e-01	
 2.2900e-01	 1.5593e-01	 2.1500e-01	
 1.8190e-01	 1.5540e-01	 1.7820e-01	
 2.6150e-01	 1.5598e-01	 2.4640e-01	
 1.9490e-01	 1.5404e-01	 1.9380e-01	
 1.7620e-01	 1.5240e-01	 1.7160e-01	
 2.6760e-01	 1.5760e-01	 2.5340e-01	
 1.6770e-01	 1.5598e-01	 1.5960e-01	
 2.1820e-01	 1.5578e-01	 2.1000e-01	
 2.0320e-01	 1.5678e-01	 2.0020e-01	
 1.8790e-01	 1.5304e-01	 1.7520e-01	
 1.5210e-01	 1.2262e-01	 1.4540e-01	
 1.5510e-01	 1.1347e-01	 1.5240e-01	
 1.5780e-01	 1.0773e-01	 1.4740e-01	
 1.4990e-01	 1.0489e-01	 1.4060e-01	
 1.5960e-01	 1.0296e-01	 1.5260e-01	
 1.6140e-01	 1.0411e-01	 1.5840e-01	
 1.7170e-01	 1.0460e-01	 1.6780e-01	
 1.5320e-01	 1.0004e-01	 1.4940e-01	
 1.9330e-01	 1.0382e-01	 1.9080e-01	
 1.6250e-01	 1.0229e-01	 1.5620e-01	
 1.6930e-01	 9.9667e-02	 1.5780e-01	
 1.6480e-01	 1.0433e-01	 1.5520e-01	
 1.4930e-01	 1.0280e-01	 1.5420e-01	
 1.5050e-01	 9.9978e-02	 1.4520e-01	
 1.7650e-01	 1.0124e-01	 1.7180e-01	
 1.6100e-01	 1.0002e-01	 1.5100e-01	
 1.7990e-01	 1.0233e-01	 1.7040e-01	
 1.5500e-01	 1.0078e-01	 1.5120e-01	
 1.5690e-01	 1.0153e-01	 1.5660e-01	
 1.7630e-01	 1.0104e-01	 1.6520e-01	
 1.5560e-01	 1.0131e-01	 1.4620e-01	
 1.5810e-01	 1.0016e-01	 1.4940e-01	
 2.2660e-01	 1.0033e-01	 2.1200e-01	
 1.6670e-01	 1.0002e-01	 1.6060e-01	
 1.5590e-01	 9.8600e-02	 1.4200e-01	
 1.5840e-01	 1.0100e-01	 1.5600e-01	
 1.7370e-01	 9.9622e-02	 1.6140e-01	
 1.6900e-01	 1.0002e-01	 1.5360e-01	
 1.7820e-01	 9.8822e-02	 1.6720e-01	
 2.0680e-01	 1.0182e-01	 2.0660e-01	
 1.5680e-01	 1.0269e-01	 1.4560e-01	
 1.6530e-01	 9.7756e-02	 1.6080e-01	
 2.1020e-01	 9.9800e-02	 2.0860e-01	
 2.2580e-01	 1.0244e-01	 2.1740e-01	
 1.6060e-01	 9.9178e-02	 1.5480e-01	
 1.7690e-01	 9.8511e-02	 1.6160e-01	
 1.7450e-01	 1.0047e-01	 1.6720e-01	
 1.8940e-01	 9.9244e-02	 1.7860e-01	
 1.5300e-01	 9.8711e-02	 1.4980e-01	
 1.5750e-01	 1.0093e-01	 1.5020e-01	
 1.6500e-01	 1.0036e-01	 1.5780e-01	
 1.7600e-01	 9.9822e-02	 1.6300e-01	
 1.5610e-01	 1.0002e-01	 1.4620e-01	
 1.6490e-01	 9.8533e-02	 1.6200e-01	
 1.8500e-01	 9.8978e-02	 1.8400e-01	
 1.6270e-01	 9.8933e-02	 1.5000e-01	
 1.6060e-01	 1.0118e-01	 1.5520e-01	
 1.6680e-01	 1.0156e-01	 1.5600e-01	
 1.6940e-01	 1.0016e-01	 1.5920e-01	
 2.0250e-01	 9.8844e-02	 2.0340e-01	
 1.4500e-01	 7.4622e-02	 1.3560e-01	
 1.3720e-01	 6.3756e-02	 1.2240e-01	
 1.3370e-01	 6.1978e-02	 1.2980e-01	
 1.5040e-01	 5.9733e-02	 1.4520e-01	
 1.5180e-01	 6.0444e-02	 1.4260e-01	
 1.5340e-01	 5.5400e-02	 1.4920e-01	
 1.5320e-01	 5.6267e-02	 1.4460e-01	
 1.3690e-01	 5.6222e-02	 1.2860e-01	
 1.2940e-01	 5.8200e-02	 1.2120e-01	
 1.6240e-01	 5.4267e-02	 1.6200e-01	
 1.4360e-01	 5.5933e-02	 1.3720e-01	
 1.4570e-01	 5.7600e-02	 1.3880e-01	
 1.4030e-01	 5.3756e-02	 1.3860e-01	
 1.3790e-01	 5.5689e-02	 1.3280e-01	
 1.4580e-01	 5.4089e-02	 1.4000e-01	
 1.4720e-01	 5.2400e-02	 1.3880e-01	
 1.4350e-01	 5.4089e-02	 1.4140e-01	
 1.4930e-01	 5.2622e-02	 1.4160e-01	
 1.5790e-01	 5.3044e-02	 1.5700e-01	
 1.5160e-01	 5.2711e-02	 1.4180e-01	
 1.4200e-01	 5.2356e-02	 1.3840e-01	
 1.4750e-01	 5.1178e-02	 1.4340e-01	
 1.4270e-01	 5.5422e-02	 1.3840e-01	
 1.4940e-01	 5.2889e-02	 1.4680e-01	
 1.5340e-01	 5.1733e-02	 1.4380e-01	
 1.2920e-01	 5.2711e-02	 1.3020e-01	
 1.2990e-01	 5.2689e-02	 1.2640e-01	
 1.3470e-01	 5.0978e-02	 1.3480e-01	
 1.5220e-01	 5.1978e-02	 1.4400e-01	
 1.4990e-01	 5.2444e-02	 1.4000e-01	
