Test Error	Training Error	Valid Error	
 9.9023e-01	 9.8918e-01	 9.9214e-01	
 9.9562e-01	 9.7724e-01	 9.9214e-01	
 9.5150e-01	 9.7137e-01	 9.3935e-01	
 9.5150e-01	 9.6671e-01	 9.3935e-01	
 9.7474e-01	 9.6076e-01	 9.6069e-01	
 9.4544e-01	 9.5323e-01	 9.3224e-01	
 9.4779e-01	 9.4420e-01	 9.3598e-01	
 9.6531e-01	 9.3351e-01	 9.5208e-01	
 9.7238e-01	 9.2814e-01	 9.5545e-01	
 9.6868e-01	 9.1986e-01	 9.5358e-01	
 9.6868e-01	 9.2432e-01	 9.5358e-01	
 9.6868e-01	 9.2373e-01	 9.5358e-01	
 9.6362e-01	 9.2411e-01	 9.5095e-01	
 9.6868e-01	 9.2377e-01	 9.5358e-01	
 9.6868e-01	 9.2402e-01	 9.5358e-01	
 9.6868e-01	 9.2290e-01	 9.5358e-01	
 9.6564e-01	 9.2477e-01	 9.4871e-01	
 9.6362e-01	 9.2353e-01	 9.5095e-01	
 9.6868e-01	 9.2407e-01	 9.5358e-01	
 9.6362e-01	 9.2419e-01	 9.5095e-01	
 9.6564e-01	 9.2328e-01	 9.4871e-01	
 9.6868e-01	 9.2486e-01	 9.5358e-01	
 9.6362e-01	 9.2432e-01	 9.5095e-01	
 9.6868e-01	 9.2419e-01	 9.5358e-01	
 9.6362e-01	 9.2344e-01	 9.5095e-01	
 9.6868e-01	 9.2432e-01	 9.5358e-01	
 9.6059e-01	 9.2390e-01	 9.4609e-01	
 9.6362e-01	 9.2361e-01	 9.5095e-01	
 9.6362e-01	 9.2373e-01	 9.5095e-01	
 9.6564e-01	 9.2444e-01	 9.4871e-01	
 9.6868e-01	 9.2440e-01	 9.5358e-01	
 9.6868e-01	 9.2328e-01	 9.5358e-01	
 9.6362e-01	 9.2415e-01	 9.5095e-01	
 9.6362e-01	 9.2373e-01	 9.5095e-01	
 9.6868e-01	 9.2423e-01	 9.5358e-01	
 9.6868e-01	 9.2423e-01	 9.5358e-01	
 9.5925e-01	 9.2315e-01	 9.4534e-01	
 9.6362e-01	 9.2444e-01	 9.5095e-01	
 9.6059e-01	 9.2465e-01	 9.4609e-01	
 9.6868e-01	 9.2328e-01	 9.5358e-01	
 9.6868e-01	 9.2357e-01	 9.5358e-01	
 9.6362e-01	 9.2423e-01	 9.5095e-01	
 9.6868e-01	 9.2440e-01	 9.5358e-01	
 9.6362e-01	 9.2398e-01	 9.5095e-01	
 9.6362e-01	 9.2444e-01	 9.5095e-01	
 9.6868e-01	 9.2490e-01	 9.5358e-01	
 9.6868e-01	 9.2506e-01	 9.5358e-01	
 9.6564e-01	 9.2465e-01	 9.4871e-01	
 9.6564e-01	 9.2427e-01	 9.4871e-01	
 9.6868e-01	 9.2457e-01	 9.5358e-01	
 9.6564e-01	 9.2448e-01	 9.4871e-01	
 9.6059e-01	 9.2461e-01	 9.4609e-01	
 9.6362e-01	 9.2328e-01	 9.5095e-01	
 9.6868e-01	 9.2461e-01	 9.5358e-01	
 9.6362e-01	 9.2444e-01	 9.5095e-01	
 9.6362e-01	 9.2294e-01	 9.5095e-01	
 9.6059e-01	 9.2481e-01	 9.4609e-01	
 9.6362e-01	 9.2432e-01	 9.5095e-01	
 9.6362e-01	 9.2365e-01	 9.5095e-01	
 9.6868e-01	 9.2365e-01	 9.5358e-01	
 9.6059e-01	 9.2448e-01	 9.4796e-01	
 9.6564e-01	 9.2348e-01	 9.4871e-01	
 9.6868e-01	 9.2594e-01	 9.5358e-01	
 9.6868e-01	 9.2394e-01	 9.5358e-01	
 9.6362e-01	 9.2369e-01	 9.5095e-01	
 9.6362e-01	 9.2386e-01	 9.5095e-01	
 9.6362e-01	 9.2465e-01	 9.5095e-01	
 9.6362e-01	 9.2427e-01	 9.5095e-01	
 9.6362e-01	 9.2390e-01	 9.5095e-01	
 9.6868e-01	 9.2423e-01	 9.5358e-01	
 9.6868e-01	 9.2465e-01	 9.5358e-01	
 9.6868e-01	 9.2452e-01	 9.5358e-01	
 9.6868e-01	 9.2390e-01	 9.5358e-01	
 9.6362e-01	 9.2365e-01	 9.5095e-01	
 9.6868e-01	 9.2398e-01	 9.5358e-01	
 9.6868e-01	 9.2452e-01	 9.5358e-01	
 9.6868e-01	 9.2448e-01	 9.5358e-01	
 9.6564e-01	 9.2473e-01	 9.4871e-01	
 9.6564e-01	 9.2357e-01	 9.4871e-01	
 9.6362e-01	 9.2477e-01	 9.5095e-01	
 9.6362e-01	 9.2452e-01	 9.5095e-01	
 9.6868e-01	 9.2365e-01	 9.5358e-01	
 9.6868e-01	 9.2436e-01	 9.5358e-01	
 9.6868e-01	 9.2398e-01	 9.5358e-01	
 9.6362e-01	 9.2440e-01	 9.5095e-01	
 9.6868e-01	 9.2407e-01	 9.5358e-01	
 9.6564e-01	 9.2419e-01	 9.4871e-01	
 9.6868e-01	 9.2419e-01	 9.5358e-01	
 9.6868e-01	 9.2419e-01	 9.5358e-01	
 9.6362e-01	 9.2348e-01	 9.5095e-01	
 9.6868e-01	 9.2323e-01	 9.5358e-01	
 9.6868e-01	 9.2373e-01	 9.5358e-01	
 9.6868e-01	 9.2423e-01	 9.5358e-01	
 9.6868e-01	 9.2357e-01	 9.5358e-01	
 9.6868e-01	 9.2294e-01	 9.5358e-01	
 9.6868e-01	 9.2427e-01	 9.5358e-01	
 9.6868e-01	 9.2419e-01	 9.5358e-01	
 9.6059e-01	 9.2448e-01	 9.4609e-01	
 9.6868e-01	 9.2340e-01	 9.5358e-01	
 9.6868e-01	 9.2423e-01	 9.5358e-01	
 9.6868e-01	 9.2477e-01	 9.5358e-01	
 9.6362e-01	 9.2353e-01	 9.5095e-01	
 9.6362e-01	 9.2494e-01	 9.5095e-01	
 9.6362e-01	 9.2465e-01	 9.5095e-01	
 9.6362e-01	 9.2369e-01	 9.5095e-01	
 9.6362e-01	 9.2473e-01	 9.5095e-01	
 9.6868e-01	 9.2348e-01	 9.5358e-01	
 9.6868e-01	 9.2377e-01	 9.5358e-01	
 9.6362e-01	 9.2315e-01	 9.5095e-01	
 9.6362e-01	 9.2336e-01	 9.5095e-01	
 9.6868e-01	 9.2444e-01	 9.5358e-01	
 9.6868e-01	 9.2444e-01	 9.5358e-01	
 9.6868e-01	 9.2419e-01	 9.5358e-01	
 9.6868e-01	 9.2407e-01	 9.5358e-01	
 9.6868e-01	 9.2419e-01	 9.5358e-01	
 9.6564e-01	 9.2419e-01	 9.4871e-01	
 9.6564e-01	 9.2432e-01	 9.5058e-01	
 9.6868e-01	 9.2402e-01	 9.5358e-01	
 9.6868e-01	 9.2357e-01	 9.5358e-01	
 9.6362e-01	 9.2348e-01	 9.5095e-01	
 9.6868e-01	 9.2423e-01	 9.5358e-01	
 9.6868e-01	 9.2427e-01	 9.5358e-01	
 9.6059e-01	 9.2369e-01	 9.4609e-01	
 9.6362e-01	 9.2440e-01	 9.5095e-01	
 9.6362e-01	 9.2377e-01	 9.5095e-01	
 9.6868e-01	 9.2506e-01	 9.5358e-01	
 9.6868e-01	 9.2348e-01	 9.5358e-01	
 9.6868e-01	 9.2390e-01	 9.5358e-01	
 9.6868e-01	 9.2332e-01	 9.5358e-01	
 9.6868e-01	 9.2481e-01	 9.5358e-01	
 9.6868e-01	 9.2382e-01	 9.5358e-01	
 9.6362e-01	 9.2315e-01	 9.5095e-01	
 9.5857e-01	 9.2452e-01	 9.4496e-01	
 9.6362e-01	 9.2323e-01	 9.5095e-01	
 9.6868e-01	 9.2444e-01	 9.5358e-01	
 9.6362e-01	 9.2377e-01	 9.5095e-01	
 9.6868e-01	 9.2348e-01	 9.5358e-01	
 9.7171e-01	 9.2390e-01	 9.5732e-01	
 9.6564e-01	 9.2427e-01	 9.4871e-01	
 9.6362e-01	 9.2365e-01	 9.5095e-01	
 9.6362e-01	 9.2452e-01	 9.5095e-01	
 9.6362e-01	 9.2402e-01	 9.5095e-01	
 9.6868e-01	 9.2423e-01	 9.5358e-01	
 9.6868e-01	 9.2390e-01	 9.5358e-01	
 9.6868e-01	 9.2311e-01	 9.5358e-01	
 9.6362e-01	 9.2436e-01	 9.4759e-01	
 9.6059e-01	 9.2357e-01	 9.4272e-01	
 9.6868e-01	 9.2361e-01	 9.5358e-01	
 9.6564e-01	 9.2552e-01	 9.4871e-01	
 9.6868e-01	 9.2365e-01	 9.5358e-01	
 9.6868e-01	 9.2361e-01	 9.5358e-01	
 9.6564e-01	 9.2415e-01	 9.4871e-01	
 9.6362e-01	 9.2382e-01	 9.5095e-01	
 9.6362e-01	 9.2390e-01	 9.5095e-01	
 9.6362e-01	 9.2427e-01	 9.5095e-01	
 9.6362e-01	 9.2427e-01	 9.5095e-01	
 9.6868e-01	 9.2473e-01	 9.5358e-01	
 9.5857e-01	 9.2419e-01	 9.4496e-01	
 9.6362e-01	 9.2336e-01	 9.5095e-01	
 9.6362e-01	 9.2407e-01	 9.5095e-01	
 9.6362e-01	 9.2432e-01	 9.5095e-01	
 9.6362e-01	 9.2382e-01	 9.4759e-01	
 9.6362e-01	 9.2353e-01	 9.5095e-01	
 9.6868e-01	 9.2357e-01	 9.5358e-01	
 9.6868e-01	 9.2319e-01	 9.5358e-01	
 9.6868e-01	 9.2402e-01	 9.5358e-01	
 9.6868e-01	 9.2502e-01	 9.5358e-01	
