Test Error	Training Error	Valid Error	
 6.0440e-01	 6.3422e-01	 5.9560e-01	
 4.5160e-01	 4.5311e-01	 4.4300e-01	
 3.6250e-01	 3.7456e-01	 3.5100e-01	
 3.4400e-01	 3.2740e-01	 3.3660e-01	
 3.0170e-01	 2.8958e-01	 2.9160e-01	
 3.0170e-01	 2.7160e-01	 2.9440e-01	
 2.5520e-01	 2.4702e-01	 2.5060e-01	
 2.4550e-01	 2.3111e-01	 2.4240e-01	
 2.3960e-01	 2.2151e-01	 2.2880e-01	
 2.3470e-01	 2.0962e-01	 2.2120e-01	
 2.2810e-01	 2.0462e-01	 2.1660e-01	
 2.3750e-01	 1.9791e-01	 2.3620e-01	
 2.2600e-01	 1.9238e-01	 2.1740e-01	
 2.1910e-01	 1.8756e-01	 2.0960e-01	
 2.1440e-01	 1.8336e-01	 2.1220e-01	
 2.1770e-01	 1.8016e-01	 2.0820e-01	
 2.0830e-01	 1.7502e-01	 1.9500e-01	
 2.0440e-01	 1.7611e-01	 1.9240e-01	
 2.0430e-01	 1.7244e-01	 1.9320e-01	
 1.9830e-01	 1.7129e-01	 1.9540e-01	
 2.0470e-01	 1.6822e-01	 1.9960e-01	
 1.9680e-01	 1.6651e-01	 1.9180e-01	
 1.9920e-01	 1.6271e-01	 1.8960e-01	
 1.8710e-01	 1.6396e-01	 1.8280e-01	
 1.8600e-01	 1.5902e-01	 1.7420e-01	
 1.9700e-01	 1.6029e-01	 1.9140e-01	
 1.9550e-01	 1.5916e-01	 1.8820e-01	
 1.8020e-01	 1.6013e-01	 1.7160e-01	
 1.8010e-01	 1.5660e-01	 1.6800e-01	
 1.9170e-01	 1.5351e-01	 1.8400e-01	
 1.8990e-01	 1.5704e-01	 1.8720e-01	
 1.8720e-01	 1.5480e-01	 1.8100e-01	
 1.9140e-01	 1.5538e-01	 1.8100e-01	
 1.7380e-01	 1.5142e-01	 1.7020e-01	
 1.7680e-01	 1.5464e-01	 1.6860e-01	
 1.7490e-01	 1.5058e-01	 1.6880e-01	
 1.9620e-01	 1.5056e-01	 1.8960e-01	
 1.8790e-01	 1.5273e-01	 1.7740e-01	
 1.8380e-01	 1.5084e-01	 1.6720e-01	
 1.9090e-01	 1.5176e-01	 1.8540e-01	
 1.6720e-01	 1.4762e-01	 1.5900e-01	
 1.8730e-01	 1.4867e-01	 1.7720e-01	
 1.9260e-01	 1.4696e-01	 1.8320e-01	
 1.7270e-01	 1.4776e-01	 1.6160e-01	
 1.9090e-01	 1.5089e-01	 1.8440e-01	
 1.8060e-01	 1.4618e-01	 1.7820e-01	
 1.9720e-01	 1.4862e-01	 1.8760e-01	
 1.9140e-01	 1.4636e-01	 1.8300e-01	
 1.7970e-01	 1.4789e-01	 1.6940e-01	
 1.7500e-01	 1.4804e-01	 1.6120e-01	
 1.5830e-01	 1.2213e-01	 1.5340e-01	
 1.5680e-01	 1.0980e-01	 1.4560e-01	
 1.5660e-01	 1.0791e-01	 1.5220e-01	
 1.5040e-01	 1.0731e-01	 1.4540e-01	
 1.6210e-01	 1.0538e-01	 1.4820e-01	
 1.7260e-01	 1.0633e-01	 1.6640e-01	
 1.5390e-01	 1.0471e-01	 1.4960e-01	
 1.6250e-01	 1.0358e-01	 1.5440e-01	
 1.6070e-01	 1.0127e-01	 1.4660e-01	
 1.5390e-01	 1.0213e-01	 1.4880e-01	
 1.6010e-01	 1.0147e-01	 1.5420e-01	
 1.4780e-01	 1.0191e-01	 1.4380e-01	
 1.5360e-01	 1.0189e-01	 1.5080e-01	
 1.5370e-01	 1.0067e-01	 1.4600e-01	
 1.5470e-01	 1.0124e-01	 1.5180e-01	
 1.6020e-01	 1.0102e-01	 1.5520e-01	
 1.4430e-01	 1.0080e-01	 1.4580e-01	
 1.5170e-01	 1.0016e-01	 1.4440e-01	
 1.4910e-01	 9.8111e-02	 1.4760e-01	
 1.5730e-01	 9.8844e-02	 1.5020e-01	
 1.5300e-01	 1.0187e-01	 1.4280e-01	
 1.5770e-01	 9.7489e-02	 1.5080e-01	
 1.5420e-01	 1.0109e-01	 1.4900e-01	
 1.6180e-01	 9.8111e-02	 1.5200e-01	
 1.4420e-01	 9.8067e-02	 1.4380e-01	
 1.5580e-01	 9.9356e-02	 1.4620e-01	
 1.5090e-01	 9.8000e-02	 1.5020e-01	
 1.4860e-01	 9.8267e-02	 1.5100e-01	
 1.4360e-01	 1.0022e-01	 1.3460e-01	
 1.5860e-01	 9.8667e-02	 1.5360e-01	
 1.6080e-01	 9.9044e-02	 1.5100e-01	
 1.6760e-01	 9.8333e-02	 1.5900e-01	
 1.6220e-01	 9.7044e-02	 1.5680e-01	
 1.5860e-01	 9.8244e-02	 1.5280e-01	
 1.5280e-01	 9.8667e-02	 1.4700e-01	
 1.4240e-01	 1.0136e-01	 1.3880e-01	
 1.6170e-01	 9.5533e-02	 1.5640e-01	
 1.6500e-01	 9.7911e-02	 1.5800e-01	
 1.4950e-01	 9.7289e-02	 1.4440e-01	
 1.6260e-01	 9.7378e-02	 1.5940e-01	
 1.7670e-01	 9.5578e-02	 1.6840e-01	
 1.7020e-01	 9.5689e-02	 1.6140e-01	
 1.5200e-01	 9.6378e-02	 1.4500e-01	
 1.5460e-01	 9.6711e-02	 1.4880e-01	
 1.3730e-01	 9.7511e-02	 1.4120e-01	
 1.6500e-01	 9.4533e-02	 1.5800e-01	
 1.4410e-01	 9.9622e-02	 1.3980e-01	
 1.3730e-01	 9.5956e-02	 1.3160e-01	
 1.4900e-01	 9.5711e-02	 1.4300e-01	
 1.4180e-01	 9.7400e-02	 1.3600e-01	
 1.3900e-01	 8.2067e-02	 1.3780e-01	
 1.3660e-01	 7.5422e-02	 1.3320e-01	
 1.3770e-01	 7.1889e-02	 1.3560e-01	
 1.4150e-01	 7.1067e-02	 1.3440e-01	
 1.4890e-01	 6.9044e-02	 1.3960e-01	
 1.3650e-01	 6.6667e-02	 1.3340e-01	
 1.3310e-01	 6.7867e-02	 1.2440e-01	
 1.3970e-01	 6.6556e-02	 1.3900e-01	
 1.3730e-01	 6.6222e-02	 1.2940e-01	
 1.3740e-01	 6.5133e-02	 1.3040e-01	
 1.3630e-01	 6.6311e-02	 1.3160e-01	
 1.3910e-01	 6.4356e-02	 1.3540e-01	
 1.3160e-01	 6.4267e-02	 1.2240e-01	
 1.3110e-01	 6.3467e-02	 1.3220e-01	
 1.3760e-01	 6.1667e-02	 1.3320e-01	
 1.3900e-01	 6.2600e-02	 1.3080e-01	
 1.5030e-01	 6.2556e-02	 1.4480e-01	
 1.3580e-01	 6.2733e-02	 1.2940e-01	
 1.3900e-01	 6.1267e-02	 1.3000e-01	
 1.4660e-01	 6.2578e-02	 1.4340e-01	
 1.3980e-01	 6.2644e-02	 1.3960e-01	
 1.4420e-01	 6.1689e-02	 1.3680e-01	
 1.3290e-01	 6.1156e-02	 1.2660e-01	
 1.4200e-01	 6.2956e-02	 1.3740e-01	
 1.2930e-01	 6.2356e-02	 1.2540e-01	
 1.3350e-01	 6.1933e-02	 1.2100e-01	
 1.3600e-01	 6.1089e-02	 1.3280e-01	
 1.3210e-01	 6.1422e-02	 1.3040e-01	
 1.3300e-01	 6.1222e-02	 1.2580e-01	
 1.3120e-01	 6.0933e-02	 1.2640e-01	
 1.3290e-01	 6.0711e-02	 1.2420e-01	
 1.3810e-01	 6.0467e-02	 1.3560e-01	
 1.3690e-01	 6.0089e-02	 1.3020e-01	
 1.2850e-01	 6.0844e-02	 1.2420e-01	
 1.3370e-01	 6.1400e-02	 1.2560e-01	
 1.4630e-01	 6.2733e-02	 1.3520e-01	
 1.3700e-01	 6.1378e-02	 1.3460e-01	
 1.3550e-01	 6.2022e-02	 1.2320e-01	
 1.3440e-01	 5.9978e-02	 1.2980e-01	
 1.3550e-01	 6.3067e-02	 1.2640e-01	
 1.3540e-01	 5.9200e-02	 1.2640e-01	
 1.4030e-01	 5.9844e-02	 1.2700e-01	
 1.4040e-01	 5.9533e-02	 1.3220e-01	
 1.4200e-01	 6.1911e-02	 1.3580e-01	
 1.3870e-01	 5.7911e-02	 1.3100e-01	
 1.3860e-01	 5.8444e-02	 1.3580e-01	
 1.4720e-01	 6.0400e-02	 1.3820e-01	
 1.3170e-01	 5.8578e-02	 1.2380e-01	
 1.3110e-01	 5.9489e-02	 1.3040e-01	
 1.3510e-01	 6.1222e-02	 1.2880e-01	
 1.3250e-01	 4.9911e-02	 1.2660e-01	
 1.2850e-01	 4.9022e-02	 1.2640e-01	
 1.2470e-01	 4.7644e-02	 1.1960e-01	
 1.2970e-01	 4.6556e-02	 1.2620e-01	
 1.2780e-01	 4.3222e-02	 1.1900e-01	
 1.3290e-01	 4.3467e-02	 1.2540e-01	
 1.3070e-01	 4.3600e-02	 1.2420e-01	
 1.3060e-01	 4.1444e-02	 1.2620e-01	
 1.2690e-01	 4.2556e-02	 1.2040e-01	
 1.2750e-01	 4.2956e-02	 1.2480e-01	
 1.3400e-01	 4.0933e-02	 1.2440e-01	
 1.2840e-01	 4.2156e-02	 1.2860e-01	
 1.2530e-01	 4.2511e-02	 1.2700e-01	
 1.2850e-01	 4.2044e-02	 1.2480e-01	
 1.2530e-01	 4.1244e-02	 1.2060e-01	
 1.3020e-01	 4.0911e-02	 1.2480e-01	
 1.2940e-01	 4.1511e-02	 1.2660e-01	
 1.3160e-01	 3.9800e-02	 1.2560e-01	
 1.3700e-01	 4.0511e-02	 1.2980e-01	
 1.3500e-01	 4.1289e-02	 1.2800e-01	
 1.2350e-01	 4.0978e-02	 1.2140e-01	
 1.3260e-01	 3.8644e-02	 1.3000e-01	
 1.2350e-01	 3.9467e-02	 1.2180e-01	
 1.2500e-01	 4.0067e-02	 1.1860e-01	
 1.2640e-01	 3.9311e-02	 1.2540e-01	
 1.2890e-01	 3.9933e-02	 1.2360e-01	
 1.2390e-01	 3.9311e-02	 1.2280e-01	
 1.2600e-01	 3.9867e-02	 1.1780e-01	
 1.2300e-01	 4.0067e-02	 1.1620e-01	
 1.2780e-01	 4.1556e-02	 1.1940e-01	
 1.2810e-01	 3.9689e-02	 1.1940e-01	
 1.2400e-01	 3.9822e-02	 1.1980e-01	
 1.2050e-01	 3.8578e-02	 1.2180e-01	
 1.2720e-01	 3.8178e-02	 1.1600e-01	
 1.3410e-01	 3.8467e-02	 1.2600e-01	
 1.2540e-01	 3.8200e-02	 1.2120e-01	
 1.2910e-01	 3.8333e-02	 1.2620e-01	
 1.2620e-01	 3.9111e-02	 1.2440e-01	
 1.2920e-01	 3.8333e-02	 1.2920e-01	
 1.2750e-01	 3.8600e-02	 1.2460e-01	
 1.3210e-01	 3.8511e-02	 1.2520e-01	
 1.3210e-01	 3.9711e-02	 1.2580e-01	
 1.2640e-01	 3.9756e-02	 1.2300e-01	
 1.2360e-01	 3.8600e-02	 1.2200e-01	
 1.2370e-01	 3.7778e-02	 1.2420e-01	
 1.2450e-01	 3.7844e-02	 1.1680e-01	
 1.3840e-01	 3.6956e-02	 1.3220e-01	
 1.3330e-01	 3.8200e-02	 1.2540e-01	
 1.2630e-01	 3.8711e-02	 1.2640e-01	
 1.2900e-01	 3.6911e-02	 1.2380e-01	
 1.2340e-01	 3.2378e-02	 1.2120e-01	
 1.2940e-01	 3.2689e-02	 1.2200e-01	
 1.2880e-01	 3.0000e-02	 1.2020e-01	
 1.2750e-01	 3.0089e-02	 1.2080e-01	
 1.2220e-01	 3.0422e-02	 1.1860e-01	
 1.2610e-01	 2.9467e-02	 1.1580e-01	
 1.2790e-01	 2.9000e-02	 1.2160e-01	
 1.3030e-01	 3.0022e-02	 1.2860e-01	
 1.3080e-01	 3.0244e-02	 1.2340e-01	
 1.3010e-01	 3.0222e-02	 1.2600e-01	
 1.2330e-01	 2.9000e-02	 1.1260e-01	
 1.2540e-01	 2.7600e-02	 1.2020e-01	
 1.2850e-01	 3.0267e-02	 1.1700e-01	
 1.2690e-01	 2.9711e-02	 1.2040e-01	
 1.2900e-01	 2.9067e-02	 1.2180e-01	
 1.2510e-01	 2.9800e-02	 1.1880e-01	
 1.2340e-01	 2.9622e-02	 1.1900e-01	
 1.2380e-01	 2.9022e-02	 1.1380e-01	
 1.2460e-01	 2.8556e-02	 1.2260e-01	
 1.2730e-01	 2.9467e-02	 1.1820e-01	
 1.2530e-01	 2.8533e-02	 1.2340e-01	
 1.2250e-01	 2.7400e-02	 1.2020e-01	
 1.2210e-01	 2.8444e-02	 1.2040e-01	
 1.2210e-01	 2.6889e-02	 1.1900e-01	
 1.2450e-01	 2.7756e-02	 1.1820e-01	
 1.2240e-01	 2.7333e-02	 1.1980e-01	
 1.2830e-01	 2.7578e-02	 1.2000e-01	
 1.2850e-01	 2.8378e-02	 1.2300e-01	
 1.2380e-01	 2.8467e-02	 1.2460e-01	
 1.2710e-01	 2.7822e-02	 1.1960e-01	
 1.2930e-01	 2.7533e-02	 1.2440e-01	
 1.2820e-01	 2.6889e-02	 1.2380e-01	
 1.2510e-01	 2.6778e-02	 1.2080e-01	
 1.3120e-01	 2.8267e-02	 1.2260e-01	
 1.2240e-01	 2.8533e-02	 1.1920e-01	
 1.2750e-01	 2.7467e-02	 1.2260e-01	
 1.2240e-01	 2.7000e-02	 1.1840e-01	
 1.2610e-01	 2.8533e-02	 1.2120e-01	
 1.2570e-01	 2.8311e-02	 1.2300e-01	
 1.2470e-01	 2.8644e-02	 1.1920e-01	
 1.2260e-01	 2.6911e-02	 1.1620e-01	
 1.2410e-01	 2.6133e-02	 1.2220e-01	
 1.2130e-01	 2.7889e-02	 1.2020e-01	
 1.2320e-01	 2.6378e-02	 1.2140e-01	
 1.2440e-01	 2.7756e-02	 1.1780e-01	
 1.2930e-01	 2.7756e-02	 1.2040e-01	
 1.2450e-01	 2.7578e-02	 1.1940e-01	
 1.2390e-01	 2.7222e-02	 1.1740e-01	
