Test Error	Training Error	Valid Error	
 9.2470e-01	 9.5180e-01	 9.2398e-01	
 8.9900e-01	 9.1576e-01	 8.9998e-01	
 8.6460e-01	 8.8980e-01	 8.6857e-01	
 8.6030e-01	 8.7067e-01	 8.6557e-01	
 8.4550e-01	 8.5738e-01	 8.4737e-01	
 8.2710e-01	 8.4573e-01	 8.2757e-01	
 8.1610e-01	 8.2973e-01	 8.1736e-01	
 7.9690e-01	 8.1873e-01	 7.9976e-01	
 7.8600e-01	 8.0476e-01	 7.8456e-01	
 7.6740e-01	 7.9264e-01	 7.6335e-01	
 7.6160e-01	 7.8356e-01	 7.6455e-01	
 7.4670e-01	 7.7120e-01	 7.4655e-01	
 7.4410e-01	 7.5978e-01	 7.4575e-01	
 7.3670e-01	 7.4689e-01	 7.3895e-01	
 7.1990e-01	 7.3629e-01	 7.2234e-01	
 7.2130e-01	 7.3000e-01	 7.2014e-01	
 7.0220e-01	 7.2200e-01	 6.9974e-01	
 7.0520e-01	 7.1424e-01	 6.9394e-01	
 6.9500e-01	 7.0502e-01	 6.9274e-01	
 6.9850e-01	 7.0058e-01	 6.9994e-01	
 6.9000e-01	 6.9102e-01	 6.8374e-01	
 6.7810e-01	 6.8524e-01	 6.7754e-01	
 6.7500e-01	 6.7676e-01	 6.7994e-01	
 6.8000e-01	 6.7404e-01	 6.7614e-01	
 6.7010e-01	 6.6807e-01	 6.6513e-01	
 6.5680e-01	 6.6024e-01	 6.5433e-01	
 6.5510e-01	 6.5949e-01	 6.5273e-01	
 6.4010e-01	 6.5569e-01	 6.4053e-01	
 6.5060e-01	 6.4980e-01	 6.5113e-01	
 6.4430e-01	 6.4573e-01	 6.4633e-01	
 6.2950e-01	 6.4478e-01	 6.3413e-01	
 6.4280e-01	 6.3993e-01	 6.4113e-01	
 6.4140e-01	 6.3393e-01	 6.3993e-01	
 6.3840e-01	 6.3040e-01	 6.3313e-01	
 6.3630e-01	 6.2933e-01	 6.2593e-01	
 6.3140e-01	 6.2862e-01	 6.2112e-01	
 6.2440e-01	 6.2473e-01	 6.1612e-01	
 6.1610e-01	 6.2351e-01	 6.1532e-01	
 6.2420e-01	 6.1911e-01	 6.1472e-01	
 6.1960e-01	 6.1602e-01	 6.1952e-01	
 6.1730e-01	 6.1520e-01	 6.1552e-01	
 6.2090e-01	 6.1260e-01	 6.2412e-01	
 6.1700e-01	 6.1293e-01	 6.1632e-01	
 6.1590e-01	 6.0669e-01	 6.1612e-01	
 5.9800e-01	 6.0500e-01	 5.9952e-01	
 5.9960e-01	 6.0529e-01	 6.0652e-01	
 6.0290e-01	 6.0378e-01	 6.0272e-01	
 6.0080e-01	 6.0067e-01	 6.0952e-01	
 5.9290e-01	 5.9622e-01	 5.8952e-01	
 5.9770e-01	 5.9944e-01	 6.0212e-01	
 5.8250e-01	 5.8711e-01	 5.8212e-01	
 5.8990e-01	 5.8618e-01	 5.8732e-01	
 6.0340e-01	 5.7969e-01	 5.9972e-01	
 5.7890e-01	 5.8000e-01	 5.7411e-01	
 5.9180e-01	 5.7771e-01	 5.9192e-01	
 5.8100e-01	 5.7649e-01	 5.8192e-01	
 5.7900e-01	 5.7769e-01	 5.7411e-01	
 5.7890e-01	 5.7478e-01	 5.8232e-01	
 5.8840e-01	 5.7378e-01	 5.8732e-01	
 5.8050e-01	 5.7429e-01	 5.7491e-01	
 5.8090e-01	 5.7351e-01	 5.8392e-01	
 5.8390e-01	 5.7493e-01	 5.8512e-01	
 5.7990e-01	 5.7331e-01	 5.7151e-01	
 5.8820e-01	 5.6982e-01	 5.9092e-01	
 5.7390e-01	 5.7087e-01	 5.6851e-01	
 5.7990e-01	 5.6996e-01	 5.8152e-01	
 5.8150e-01	 5.6671e-01	 5.7351e-01	
 5.8390e-01	 5.6929e-01	 5.7992e-01	
 5.6920e-01	 5.6900e-01	 5.6291e-01	
 5.7720e-01	 5.6533e-01	 5.8052e-01	
 5.7140e-01	 5.6536e-01	 5.6911e-01	
 5.7190e-01	 5.6662e-01	 5.6831e-01	
 5.7530e-01	 5.6727e-01	 5.7051e-01	
 5.7270e-01	 5.6789e-01	 5.6891e-01	
 5.7160e-01	 5.6580e-01	 5.6411e-01	
 5.7940e-01	 5.6453e-01	 5.7271e-01	
 5.6330e-01	 5.6447e-01	 5.6831e-01	
 5.7560e-01	 5.6304e-01	 5.8112e-01	
 5.6590e-01	 5.6564e-01	 5.6991e-01	
 5.6060e-01	 5.6151e-01	 5.5931e-01	
 5.6540e-01	 5.6116e-01	 5.6251e-01	
 5.6170e-01	 5.6138e-01	 5.6371e-01	
 5.7260e-01	 5.6036e-01	 5.6711e-01	
 5.6570e-01	 5.5876e-01	 5.6251e-01	
 5.6900e-01	 5.6004e-01	 5.7471e-01	
 5.6670e-01	 5.5893e-01	 5.6111e-01	
 5.6560e-01	 5.6098e-01	 5.5391e-01	
 5.5830e-01	 5.5893e-01	 5.5431e-01	
 5.6670e-01	 5.5678e-01	 5.6611e-01	
 5.6600e-01	 5.5631e-01	 5.7031e-01	
 5.7910e-01	 5.5522e-01	 5.7131e-01	
 5.6570e-01	 5.5913e-01	 5.6631e-01	
 5.5200e-01	 5.5658e-01	 5.4871e-01	
 5.6160e-01	 5.5720e-01	 5.6051e-01	
 5.7200e-01	 5.5649e-01	 5.7211e-01	
 5.6690e-01	 5.5593e-01	 5.5531e-01	
 5.6060e-01	 5.5136e-01	 5.5751e-01	
 5.6660e-01	 5.5287e-01	 5.5831e-01	
 5.5570e-01	 5.5640e-01	 5.4891e-01	
 5.5340e-01	 5.5476e-01	 5.5431e-01	
 5.5040e-01	 5.4678e-01	 5.4671e-01	
 5.5180e-01	 5.4302e-01	 5.4391e-01	
 5.4740e-01	 5.4387e-01	 5.4351e-01	
 5.3690e-01	 5.4393e-01	 5.3531e-01	
 5.5130e-01	 5.4049e-01	 5.5171e-01	
 5.5130e-01	 5.4291e-01	 5.4311e-01	
 5.5300e-01	 5.4533e-01	 5.5571e-01	
 5.4750e-01	 5.3840e-01	 5.5091e-01	
 5.6290e-01	 5.3976e-01	 5.5511e-01	
 5.5720e-01	 5.4144e-01	 5.4711e-01	
 5.5440e-01	 5.4067e-01	 5.5111e-01	
 5.4950e-01	 5.4196e-01	 5.4731e-01	
 5.4970e-01	 5.4131e-01	 5.5131e-01	
 5.4190e-01	 5.3856e-01	 5.3151e-01	
 5.4600e-01	 5.3938e-01	 5.3931e-01	
 5.5010e-01	 5.4207e-01	 5.5071e-01	
 5.5870e-01	 5.4251e-01	 5.4871e-01	
 5.5110e-01	 5.4078e-01	 5.4831e-01	
 5.3960e-01	 5.4193e-01	 5.3391e-01	
 5.5530e-01	 5.4069e-01	 5.5711e-01	
 5.4220e-01	 5.3936e-01	 5.4071e-01	
 5.4790e-01	 5.4000e-01	 5.4411e-01	
 5.4900e-01	 5.3907e-01	 5.4211e-01	
 5.5120e-01	 5.3749e-01	 5.4931e-01	
 5.5480e-01	 5.4080e-01	 5.5091e-01	
 5.4940e-01	 5.3822e-01	 5.4351e-01	
 5.5020e-01	 5.4080e-01	 5.5031e-01	
 5.4970e-01	 5.4156e-01	 5.4551e-01	
 5.4300e-01	 5.3627e-01	 5.4011e-01	
 5.4880e-01	 5.3784e-01	 5.4411e-01	
 5.4560e-01	 5.3949e-01	 5.4251e-01	
 5.4160e-01	 5.4076e-01	 5.4051e-01	
 5.4970e-01	 5.3724e-01	 5.5351e-01	
 5.4140e-01	 5.3596e-01	 5.3571e-01	
 5.3440e-01	 5.3738e-01	 5.3711e-01	
 5.3710e-01	 5.3680e-01	 5.3391e-01	
 5.5760e-01	 5.3858e-01	 5.5131e-01	
 5.4350e-01	 5.3960e-01	 5.4391e-01	
 5.5370e-01	 5.3822e-01	 5.4811e-01	
 5.4520e-01	 5.3869e-01	 5.3531e-01	
 5.4100e-01	 5.3702e-01	 5.4751e-01	
 5.4680e-01	 5.3642e-01	 5.4051e-01	
 5.4340e-01	 5.3511e-01	 5.5011e-01	
 5.4800e-01	 5.3900e-01	 5.5351e-01	
 5.4780e-01	 5.3598e-01	 5.4951e-01	
 5.4750e-01	 5.3711e-01	 5.4511e-01	
 5.4280e-01	 5.3513e-01	 5.4531e-01	
 5.3790e-01	 5.3807e-01	 5.3751e-01	
 5.4140e-01	 5.3607e-01	 5.3331e-01	
 5.4320e-01	 5.3533e-01	 5.3631e-01	
 5.3300e-01	 5.2880e-01	 5.2170e-01	
 5.4650e-01	 5.3058e-01	 5.4731e-01	
 5.3650e-01	 5.2840e-01	 5.3491e-01	
 5.4360e-01	 5.2916e-01	 5.4311e-01	
 5.4430e-01	 5.2820e-01	 5.3871e-01	
 5.3190e-01	 5.3051e-01	 5.3491e-01	
 5.3880e-01	 5.2780e-01	 5.3671e-01	
 5.3540e-01	 5.3060e-01	 5.3431e-01	
 5.3530e-01	 5.2787e-01	 5.3331e-01	
 5.3030e-01	 5.2693e-01	 5.3211e-01	
 5.3620e-01	 5.2876e-01	 5.3931e-01	
 5.3830e-01	 5.2860e-01	 5.3391e-01	
 5.3380e-01	 5.2802e-01	 5.3371e-01	
 5.3640e-01	 5.2838e-01	 5.3391e-01	
 5.4350e-01	 5.2836e-01	 5.3671e-01	
 5.2660e-01	 5.2740e-01	 5.2511e-01	
 5.3720e-01	 5.2769e-01	 5.3291e-01	
 5.3130e-01	 5.2824e-01	 5.2250e-01	
 5.4130e-01	 5.2962e-01	 5.4271e-01	
 5.4750e-01	 5.2867e-01	 5.4551e-01	
 5.3360e-01	 5.2640e-01	 5.3111e-01	
 5.4020e-01	 5.2840e-01	 5.4291e-01	
 5.3790e-01	 5.2667e-01	 5.3391e-01	
 5.3520e-01	 5.3093e-01	 5.4251e-01	
 5.2680e-01	 5.2813e-01	 5.2551e-01	
 5.4940e-01	 5.2864e-01	 5.4811e-01	
 5.3620e-01	 5.2778e-01	 5.3631e-01	
 5.3840e-01	 5.2818e-01	 5.3611e-01	
 5.3400e-01	 5.2842e-01	 5.3031e-01	
 5.3490e-01	 5.2809e-01	 5.3231e-01	
 5.3820e-01	 5.2658e-01	 5.3331e-01	
 5.3310e-01	 5.2769e-01	 5.2831e-01	
 5.4020e-01	 5.2869e-01	 5.3411e-01	
 5.4030e-01	 5.2600e-01	 5.3331e-01	
 5.3660e-01	 5.3071e-01	 5.3371e-01	
 5.4700e-01	 5.2798e-01	 5.4271e-01	
 5.4050e-01	 5.2469e-01	 5.3491e-01	
 5.3830e-01	 5.2698e-01	 5.3451e-01	
 5.3890e-01	 5.2776e-01	 5.3731e-01	
 5.3170e-01	 5.2551e-01	 5.2731e-01	
 5.3510e-01	 5.2749e-01	 5.3631e-01	
 5.2480e-01	 5.2733e-01	 5.2651e-01	
 5.3940e-01	 5.2433e-01	 5.4291e-01	
 5.3960e-01	 5.2600e-01	 5.3011e-01	
 5.3460e-01	 5.2673e-01	 5.3231e-01	
 5.3690e-01	 5.2873e-01	 5.2811e-01	
 5.3940e-01	 5.2862e-01	 5.3471e-01	
 5.4500e-01	 5.2553e-01	 5.4831e-01	
 5.3330e-01	 5.2449e-01	 5.2951e-01	
 5.3200e-01	 5.2782e-01	 5.2691e-01	
 5.3340e-01	 5.2153e-01	 5.3171e-01	
 5.4150e-01	 5.2067e-01	 5.4171e-01	
 5.3510e-01	 5.1767e-01	 5.2831e-01	
 5.3920e-01	 5.2131e-01	 5.3511e-01	
 5.2510e-01	 5.2009e-01	 5.2250e-01	
 5.3590e-01	 5.2122e-01	 5.3231e-01	
 5.3350e-01	 5.2058e-01	 5.2110e-01	
 5.3880e-01	 5.2240e-01	 5.3611e-01	
 5.2230e-01	 5.2318e-01	 5.2170e-01	
 5.2910e-01	 5.1867e-01	 5.2490e-01	
 5.4760e-01	 5.2324e-01	 5.4851e-01	
 5.2420e-01	 5.2093e-01	 5.2130e-01	
 5.2950e-01	 5.2109e-01	 5.2591e-01	
 5.3290e-01	 5.2258e-01	 5.2611e-01	
 5.4120e-01	 5.2160e-01	 5.3471e-01	
 5.3070e-01	 5.2033e-01	 5.3411e-01	
 5.3660e-01	 5.2116e-01	 5.3271e-01	
 5.3730e-01	 5.2269e-01	 5.3391e-01	
 5.3320e-01	 5.2204e-01	 5.3411e-01	
 5.3400e-01	 5.2069e-01	 5.2751e-01	
 5.2200e-01	 5.1973e-01	 5.2310e-01	
 5.3180e-01	 5.2198e-01	 5.3211e-01	
 5.3250e-01	 5.2036e-01	 5.3171e-01	
 5.2700e-01	 5.2282e-01	 5.1810e-01	
 5.2840e-01	 5.2273e-01	 5.2070e-01	
 5.3640e-01	 5.1787e-01	 5.2931e-01	
 5.3250e-01	 5.2189e-01	 5.2891e-01	
 5.3320e-01	 5.2138e-01	 5.3071e-01	
 5.2780e-01	 5.2327e-01	 5.2551e-01	
 5.3350e-01	 5.1964e-01	 5.3011e-01	
 5.4700e-01	 5.2244e-01	 5.3931e-01	
 5.3550e-01	 5.2402e-01	 5.2971e-01	
 5.3580e-01	 5.2269e-01	 5.3211e-01	
 5.3200e-01	 5.2216e-01	 5.3731e-01	
 5.4260e-01	 5.2369e-01	 5.3831e-01	
 5.4270e-01	 5.2078e-01	 5.4051e-01	
 5.3590e-01	 5.2389e-01	 5.4211e-01	
 5.1780e-01	 5.2278e-01	 5.2210e-01	
 5.3610e-01	 5.2247e-01	 5.3131e-01	
 5.4460e-01	 5.2067e-01	 5.3851e-01	
 5.2710e-01	 5.2318e-01	 5.2731e-01	
 5.3050e-01	 5.2062e-01	 5.2571e-01	
 5.3810e-01	 5.2144e-01	 5.3271e-01	
 5.2170e-01	 5.2389e-01	 5.2130e-01	
 5.3580e-01	 5.2176e-01	 5.3451e-01	
 5.3910e-01	 5.2004e-01	 5.3131e-01	
 5.3660e-01	 5.1920e-01	 5.3251e-01	
 5.2230e-01	 5.2120e-01	 5.2190e-01	
 5.4160e-01	 5.2156e-01	 5.4571e-01	
 5.3640e-01	 5.2071e-01	 5.3271e-01	
 5.3340e-01	 5.1613e-01	 5.2250e-01	
 5.2830e-01	 5.1564e-01	 5.3191e-01	
 5.2470e-01	 5.1636e-01	 5.2050e-01	
 5.2300e-01	 5.1749e-01	 5.2030e-01	
 5.2560e-01	 5.1611e-01	 5.2090e-01	
 5.2610e-01	 5.1920e-01	 5.2230e-01	
 5.1910e-01	 5.1862e-01	 5.1890e-01	
 5.3420e-01	 5.1853e-01	 5.2971e-01	
 5.2640e-01	 5.1544e-01	 5.2831e-01	
 5.3000e-01	 5.1836e-01	 5.3511e-01	
 5.2760e-01	 5.1838e-01	 5.2250e-01	
 5.5110e-01	 5.1573e-01	 5.5591e-01	
 5.3500e-01	 5.1778e-01	 5.3771e-01	
 5.2630e-01	 5.1633e-01	 5.2050e-01	
 5.2130e-01	 5.1840e-01	 5.1550e-01	
 5.3120e-01	 5.2038e-01	 5.2711e-01	
 5.2640e-01	 5.1633e-01	 5.1990e-01	
 5.2130e-01	 5.1984e-01	 5.2450e-01	
 5.2440e-01	 5.1782e-01	 5.2250e-01	
 5.2940e-01	 5.1991e-01	 5.2170e-01	
 5.2770e-01	 5.1773e-01	 5.2230e-01	
 5.3200e-01	 5.1820e-01	 5.2711e-01	
