Test Error	Training Error	Valid Error	
 5.3370e-01	 5.7662e-01	 5.3220e-01	
 4.9950e-01	 4.0516e-01	 4.9620e-01	
 4.7850e-01	 3.5318e-01	 4.7080e-01	
 4.2700e-01	 3.3278e-01	 4.1180e-01	
 4.4790e-01	 3.2569e-01	 4.4220e-01	
 4.2260e-01	 3.1456e-01	 4.1880e-01	
 4.5850e-01	 3.0782e-01	 4.5420e-01	
 4.1290e-01	 3.0998e-01	 3.9340e-01	
 4.7550e-01	 3.0611e-01	 4.7260e-01	
 3.8840e-01	 3.0236e-01	 3.6860e-01	
 3.8710e-01	 2.9884e-01	 3.7420e-01	
 4.1010e-01	 3.0251e-01	 3.9880e-01	
 4.3980e-01	 2.9962e-01	 4.3060e-01	
 3.8790e-01	 2.9831e-01	 3.8020e-01	
 3.9040e-01	 2.9727e-01	 3.7820e-01	
 4.1400e-01	 2.9947e-01	 4.0340e-01	
 4.3170e-01	 2.9860e-01	 4.2380e-01	
 3.5160e-01	 2.9562e-01	 3.4880e-01	
 3.4850e-01	 2.9533e-01	 3.3300e-01	
 4.8590e-01	 2.9587e-01	 4.6860e-01	
 3.6380e-01	 2.9749e-01	 3.4860e-01	
 3.8930e-01	 2.9371e-01	 3.7560e-01	
 3.8090e-01	 2.9424e-01	 3.7080e-01	
 4.3590e-01	 2.9327e-01	 4.2400e-01	
 4.0480e-01	 2.9640e-01	 3.9580e-01	
 3.9610e-01	 2.9524e-01	 3.8440e-01	
 3.6040e-01	 2.9240e-01	 3.4760e-01	
 3.6640e-01	 2.9284e-01	 3.6100e-01	
 3.5790e-01	 2.9127e-01	 3.5560e-01	
 4.0060e-01	 2.9380e-01	 3.8220e-01	
 3.6350e-01	 2.9138e-01	 3.4880e-01	
 3.9750e-01	 2.9451e-01	 3.7840e-01	
 3.7080e-01	 2.9056e-01	 3.4760e-01	
 3.6500e-01	 2.9204e-01	 3.5480e-01	
 3.5320e-01	 2.9260e-01	 3.3640e-01	
 4.0840e-01	 2.9218e-01	 3.9440e-01	
 4.1900e-01	 2.9267e-01	 4.0940e-01	
 3.8170e-01	 2.9178e-01	 3.7680e-01	
 3.3910e-01	 2.8804e-01	 3.2180e-01	
 3.4300e-01	 2.9211e-01	 3.2200e-01	
 3.8940e-01	 2.9129e-01	 3.6680e-01	
 3.8260e-01	 2.9153e-01	 3.6740e-01	
 4.3310e-01	 2.9000e-01	 4.1780e-01	
 3.5450e-01	 2.9144e-01	 3.3160e-01	
 4.0320e-01	 2.8904e-01	 3.8320e-01	
 4.1880e-01	 2.9213e-01	 4.0120e-01	
 3.5100e-01	 2.8922e-01	 3.4240e-01	
 3.8680e-01	 2.8762e-01	 3.6120e-01	
 3.9620e-01	 2.8996e-01	 3.8300e-01	
 4.1150e-01	 2.9151e-01	 4.0480e-01	
 3.3270e-01	 2.5022e-01	 3.1840e-01	
 3.8200e-01	 2.3464e-01	 3.5720e-01	
 3.6940e-01	 2.3322e-01	 3.5340e-01	
 3.3480e-01	 2.3500e-01	 3.1920e-01	
 3.8890e-01	 2.3189e-01	 3.6960e-01	
 3.7060e-01	 2.3500e-01	 3.5660e-01	
 3.8800e-01	 2.2862e-01	 3.7240e-01	
 3.6110e-01	 2.3302e-01	 3.3700e-01	
 3.7800e-01	 2.3024e-01	 3.5160e-01	
 3.7890e-01	 2.3002e-01	 3.5880e-01	
 3.6790e-01	 2.3136e-01	 3.5280e-01	
 3.7030e-01	 2.2618e-01	 3.4960e-01	
 3.3820e-01	 2.3149e-01	 3.2160e-01	
 3.5530e-01	 2.2920e-01	 3.3980e-01	
 3.7530e-01	 2.3440e-01	 3.5780e-01	
 3.2220e-01	 2.2907e-01	 3.0220e-01	
 3.4840e-01	 2.3156e-01	 3.3280e-01	
 3.6720e-01	 2.2958e-01	 3.3600e-01	
 3.5360e-01	 2.3147e-01	 3.3260e-01	
 3.6270e-01	 2.2869e-01	 3.5140e-01	
 4.0500e-01	 2.2940e-01	 3.9000e-01	
 3.3820e-01	 2.2953e-01	 3.2800e-01	
 3.3630e-01	 2.3149e-01	 3.0920e-01	
 3.6350e-01	 2.3242e-01	 3.5680e-01	
 4.4810e-01	 2.2889e-01	 4.2220e-01	
 3.7560e-01	 2.2973e-01	 3.5440e-01	
 3.9030e-01	 2.2927e-01	 3.7460e-01	
 3.6670e-01	 2.2922e-01	 3.5660e-01	
 3.9770e-01	 2.2944e-01	 3.8960e-01	
 3.8290e-01	 2.3091e-01	 3.7180e-01	
 3.9180e-01	 2.2789e-01	 3.7680e-01	
 3.6410e-01	 2.2758e-01	 3.4780e-01	
 3.4800e-01	 2.2971e-01	 3.3280e-01	
 3.7070e-01	 2.2831e-01	 3.5160e-01	
 4.1170e-01	 2.2844e-01	 4.0160e-01	
 3.3830e-01	 2.2960e-01	 3.2700e-01	
 3.7300e-01	 2.2793e-01	 3.5380e-01	
 3.6590e-01	 2.2573e-01	 3.5340e-01	
 3.4440e-01	 2.2787e-01	 3.3360e-01	
 3.8740e-01	 2.2684e-01	 3.7220e-01	
 3.5380e-01	 2.2769e-01	 3.3400e-01	
 2.9510e-01	 2.2636e-01	 2.8020e-01	
 3.9430e-01	 2.2671e-01	 3.7000e-01	
 3.2660e-01	 2.2927e-01	 3.0400e-01	
 3.7780e-01	 2.2689e-01	 3.6180e-01	
 3.9810e-01	 2.2984e-01	 3.7940e-01	
 3.6150e-01	 2.2731e-01	 3.3460e-01	
 3.5650e-01	 2.2711e-01	 3.4600e-01	
 3.8820e-01	 2.2749e-01	 3.8280e-01	
 3.5810e-01	 2.2907e-01	 3.4500e-01	
 3.3610e-01	 1.8298e-01	 3.2020e-01	
 3.6500e-01	 1.6127e-01	 3.5980e-01	
 3.5640e-01	 1.5476e-01	 3.3400e-01	
 3.5020e-01	 1.5611e-01	 3.3700e-01	
 3.5140e-01	 1.5669e-01	 3.3300e-01	
 3.4960e-01	 1.5478e-01	 3.3280e-01	
 3.7280e-01	 1.5418e-01	 3.5940e-01	
 3.2850e-01	 1.5338e-01	 3.1160e-01	
 3.4130e-01	 1.4913e-01	 3.3240e-01	
 3.5350e-01	 1.5438e-01	 3.3860e-01	
 3.4470e-01	 1.5322e-01	 3.2780e-01	
 3.5000e-01	 1.5373e-01	 3.2780e-01	
 3.3640e-01	 1.5473e-01	 3.1340e-01	
 3.1260e-01	 1.5056e-01	 2.9780e-01	
 3.2240e-01	 1.5371e-01	 3.0260e-01	
 3.6410e-01	 1.5096e-01	 3.5560e-01	
 3.4870e-01	 1.5451e-01	 3.3640e-01	
 3.4850e-01	 1.5147e-01	 3.3000e-01	
 3.5380e-01	 1.5462e-01	 3.3460e-01	
 3.6050e-01	 1.5162e-01	 3.4520e-01	
 3.5290e-01	 1.5282e-01	 3.3820e-01	
 3.5430e-01	 1.5198e-01	 3.3240e-01	
 3.9620e-01	 1.5278e-01	 3.8880e-01	
 3.3160e-01	 1.5502e-01	 3.1920e-01	
 3.7510e-01	 1.5102e-01	 3.5860e-01	
 3.4530e-01	 1.5409e-01	 3.2240e-01	
 3.1490e-01	 1.5107e-01	 3.0420e-01	
 3.5150e-01	 1.5324e-01	 3.3940e-01	
 3.8980e-01	 1.5102e-01	 3.7900e-01	
 3.4450e-01	 1.5040e-01	 3.2120e-01	
 3.0920e-01	 1.5040e-01	 3.0220e-01	
 3.7920e-01	 1.5289e-01	 3.6620e-01	
 3.7250e-01	 1.5064e-01	 3.5980e-01	
 3.4320e-01	 1.5602e-01	 3.3060e-01	
 4.1020e-01	 1.5322e-01	 3.9440e-01	
 3.6170e-01	 1.4947e-01	 3.4460e-01	
 3.3150e-01	 1.5049e-01	 3.1460e-01	
 3.4160e-01	 1.5349e-01	 3.3400e-01	
 3.4140e-01	 1.4889e-01	 3.2940e-01	
 3.7660e-01	 1.5051e-01	 3.6340e-01	
 3.9340e-01	 1.5089e-01	 3.8320e-01	
 3.6270e-01	 1.5160e-01	 3.6000e-01	
 3.7830e-01	 1.5247e-01	 3.6960e-01	
 3.1180e-01	 1.5153e-01	 2.9520e-01	
 3.4430e-01	 1.5296e-01	 3.2640e-01	
 3.7830e-01	 1.5007e-01	 3.6440e-01	
 3.4130e-01	 1.5302e-01	 3.2060e-01	
 3.5780e-01	 1.4969e-01	 3.4220e-01	
 3.9120e-01	 1.5240e-01	 3.8000e-01	
 3.6030e-01	 1.5062e-01	 3.4540e-01	
 3.2690e-01	 1.1209e-01	 3.1260e-01	
 3.4270e-01	 9.3067e-02	 3.2780e-01	
 3.5870e-01	 8.2667e-02	 3.4600e-01	
 3.2160e-01	 7.9022e-02	 3.0480e-01	
 3.5190e-01	 7.4933e-02	 3.3820e-01	
 3.3280e-01	 7.5733e-02	 3.1260e-01	
 3.2750e-01	 7.3044e-02	 3.1700e-01	
 3.3840e-01	 7.2333e-02	 3.2640e-01	
 3.3440e-01	 7.1089e-02	 3.1700e-01	
 3.3240e-01	 7.1333e-02	 3.2440e-01	
 3.7060e-01	 7.1244e-02	 3.6280e-01	
 3.1780e-01	 7.1711e-02	 2.9980e-01	
 3.5020e-01	 6.8756e-02	 3.3860e-01	
 3.3060e-01	 6.8756e-02	 3.2360e-01	
 3.5220e-01	 6.9311e-02	 3.4340e-01	
 3.2920e-01	 6.9444e-02	 3.1440e-01	
 3.5750e-01	 6.8111e-02	 3.4140e-01	
 3.4360e-01	 7.1844e-02	 3.2960e-01	
 3.6490e-01	 7.0111e-02	 3.4680e-01	
 3.3550e-01	 6.9911e-02	 3.1660e-01	
 3.7840e-01	 6.9489e-02	 3.7980e-01	
 3.5170e-01	 6.9133e-02	 3.4180e-01	
 3.4080e-01	 6.8067e-02	 3.3240e-01	
 3.4110e-01	 7.3556e-02	 3.3060e-01	
 3.3550e-01	 7.1289e-02	 3.1180e-01	
 3.2030e-01	 6.9422e-02	 3.0280e-01	
 3.3600e-01	 6.8689e-02	 3.2300e-01	
 3.6160e-01	 7.1111e-02	 3.4680e-01	
 3.6910e-01	 7.0422e-02	 3.5940e-01	
 3.3240e-01	 6.8800e-02	 3.1980e-01	
 3.6470e-01	 7.1800e-02	 3.5500e-01	
 3.4520e-01	 7.0111e-02	 3.3200e-01	
 3.3180e-01	 6.8444e-02	 3.0980e-01	
 3.3810e-01	 7.0644e-02	 3.2240e-01	
 3.4080e-01	 7.0933e-02	 3.2900e-01	
 3.5830e-01	 6.9511e-02	 3.4380e-01	
 3.7460e-01	 7.0622e-02	 3.6540e-01	
 3.7290e-01	 6.8467e-02	 3.5740e-01	
 3.6770e-01	 7.1022e-02	 3.6100e-01	
 3.9570e-01	 6.8533e-02	 3.8480e-01	
 3.6210e-01	 6.9511e-02	 3.5040e-01	
 3.4640e-01	 6.8756e-02	 3.2460e-01	
 3.5470e-01	 7.1711e-02	 3.4740e-01	
 3.3250e-01	 6.9756e-02	 3.1140e-01	
 3.6250e-01	 6.8889e-02	 3.4280e-01	
 3.7910e-01	 7.1133e-02	 3.6600e-01	
 3.8070e-01	 7.2156e-02	 3.6740e-01	
 3.7570e-01	 7.0733e-02	 3.6520e-01	
 3.5150e-01	 6.8489e-02	 3.4700e-01	
 3.6450e-01	 6.7289e-02	 3.4980e-01	
 3.5350e-01	 5.1178e-02	 3.3000e-01	
 3.7490e-01	 4.4956e-02	 3.6040e-01	
 3.3180e-01	 3.9956e-02	 3.1520e-01	
 3.1590e-01	 3.6467e-02	 3.0300e-01	
 3.3800e-01	 3.4267e-02	 3.1820e-01	
 3.2430e-01	 3.5000e-02	 3.0760e-01	
 3.2370e-01	 3.0400e-02	 3.1400e-01	
 3.3740e-01	 3.1022e-02	 3.2440e-01	
 3.2460e-01	 3.0089e-02	 3.1840e-01	
 3.2240e-01	 2.9022e-02	 3.0680e-01	
 3.5210e-01	 2.9067e-02	 3.3660e-01	
 3.5900e-01	 2.9222e-02	 3.5140e-01	
