Test Error	Training Error	Valid Error	
 6.3590e-01	 6.9749e-01	 6.3680e-01	
 4.9100e-01	 5.0596e-01	 4.6880e-01	
 3.8360e-01	 4.0096e-01	 3.7020e-01	
 3.5330e-01	 3.4482e-01	 3.3880e-01	
 3.1450e-01	 3.1364e-01	 3.1040e-01	
 2.9520e-01	 2.9669e-01	 2.8660e-01	
 2.7110e-01	 2.7933e-01	 2.6320e-01	
 2.5150e-01	 2.6647e-01	 2.4200e-01	
 2.3910e-01	 2.5804e-01	 2.2800e-01	
 2.4420e-01	 2.4673e-01	 2.3600e-01	
 2.4500e-01	 2.4409e-01	 2.3760e-01	
 2.7880e-01	 2.3827e-01	 2.8260e-01	
 2.2870e-01	 2.3382e-01	 2.1740e-01	
 2.3410e-01	 2.2913e-01	 2.3280e-01	
 2.1720e-01	 2.2947e-01	 2.1320e-01	
 2.1990e-01	 2.2264e-01	 2.1380e-01	
 2.1840e-01	 2.2033e-01	 2.1880e-01	
 2.0880e-01	 2.2276e-01	 1.9600e-01	
 2.4570e-01	 2.2051e-01	 2.4220e-01	
 2.2820e-01	 2.1400e-01	 2.2160e-01	
 2.2690e-01	 2.1547e-01	 2.2140e-01	
 2.0410e-01	 2.1216e-01	 2.0140e-01	
 2.2820e-01	 2.1131e-01	 2.2360e-01	
 2.4970e-01	 2.1040e-01	 2.4920e-01	
 2.1970e-01	 2.0629e-01	 2.1600e-01	
 2.2490e-01	 2.0873e-01	 2.1400e-01	
 2.1310e-01	 2.0684e-01	 2.0780e-01	
 2.1750e-01	 2.0953e-01	 2.1340e-01	
 2.2250e-01	 2.0447e-01	 2.1380e-01	
 2.4220e-01	 2.0520e-01	 2.3480e-01	
 2.1250e-01	 2.0322e-01	 2.1520e-01	
 2.2550e-01	 2.0533e-01	 2.1600e-01	
 2.3490e-01	 2.0413e-01	 2.2620e-01	
 2.1300e-01	 2.0033e-01	 2.0160e-01	
 2.3670e-01	 2.0424e-01	 2.3320e-01	
 2.1650e-01	 2.0133e-01	 2.0760e-01	
 2.0300e-01	 2.0153e-01	 1.9100e-01	
 2.1580e-01	 2.0173e-01	 2.1880e-01	
 1.9840e-01	 2.0336e-01	 1.8880e-01	
 2.1080e-01	 1.9913e-01	 2.0320e-01	
 2.2820e-01	 2.0253e-01	 2.1740e-01	
 2.1310e-01	 2.0089e-01	 2.1020e-01	
 2.1470e-01	 1.9724e-01	 2.0580e-01	
 2.2370e-01	 1.9584e-01	 2.1500e-01	
 2.0800e-01	 1.9918e-01	 1.9640e-01	
 2.0440e-01	 1.9924e-01	 2.0220e-01	
 2.0470e-01	 1.9658e-01	 1.9060e-01	
 2.0430e-01	 1.9856e-01	 2.0080e-01	
 2.1360e-01	 1.9876e-01	 2.0620e-01	
 2.3180e-01	 1.9869e-01	 2.3100e-01	
 1.7960e-01	 1.6913e-01	 1.6860e-01	
 1.8920e-01	 1.6169e-01	 1.7980e-01	
 1.7280e-01	 1.5904e-01	 1.6500e-01	
 1.6380e-01	 1.5667e-01	 1.5480e-01	
 1.9170e-01	 1.5878e-01	 1.8440e-01	
 1.7460e-01	 1.5647e-01	 1.7140e-01	
 1.6920e-01	 1.5567e-01	 1.6640e-01	
 1.7150e-01	 1.5582e-01	 1.6740e-01	
 1.6940e-01	 1.5700e-01	 1.6580e-01	
 1.8590e-01	 1.5436e-01	 1.8520e-01	
 1.7300e-01	 1.5460e-01	 1.6760e-01	
 1.7190e-01	 1.5500e-01	 1.6360e-01	
 1.6750e-01	 1.5600e-01	 1.6580e-01	
 1.7310e-01	 1.5196e-01	 1.6860e-01	
 1.7670e-01	 1.5496e-01	 1.7320e-01	
 1.7460e-01	 1.5184e-01	 1.6920e-01	
 1.7120e-01	 1.5273e-01	 1.6900e-01	
 1.7120e-01	 1.5189e-01	 1.6180e-01	
 1.7340e-01	 1.5276e-01	 1.6740e-01	
 1.6560e-01	 1.5216e-01	 1.5820e-01	
 1.6420e-01	 1.5198e-01	 1.6020e-01	
 1.7940e-01	 1.5298e-01	 1.6960e-01	
 1.7000e-01	 1.5216e-01	 1.7300e-01	
 1.5890e-01	 1.5311e-01	 1.5940e-01	
 1.6410e-01	 1.5133e-01	 1.5020e-01	
 1.6910e-01	 1.4993e-01	 1.6180e-01	
 1.7210e-01	 1.5147e-01	 1.6500e-01	
 1.6680e-01	 1.5211e-01	 1.6160e-01	
 1.6380e-01	 1.5107e-01	 1.5940e-01	
 1.9760e-01	 1.5133e-01	 1.9200e-01	
 1.7720e-01	 1.5238e-01	 1.7120e-01	
 1.8550e-01	 1.4898e-01	 1.8020e-01	
 1.6420e-01	 1.5169e-01	 1.6140e-01	
 1.7330e-01	 1.5284e-01	 1.7140e-01	
 1.7730e-01	 1.4920e-01	 1.6980e-01	
 1.7920e-01	 1.5164e-01	 1.6720e-01	
 1.8850e-01	 1.4749e-01	 1.8520e-01	
 1.5610e-01	 1.5100e-01	 1.5480e-01	
 1.7770e-01	 1.5369e-01	 1.7420e-01	
 1.9240e-01	 1.5144e-01	 1.8240e-01	
 1.8260e-01	 1.5002e-01	 1.7580e-01	
 1.6490e-01	 1.4944e-01	 1.6020e-01	
 1.7640e-01	 1.4842e-01	 1.6780e-01	
 1.8060e-01	 1.5098e-01	 1.6880e-01	
 1.7490e-01	 1.5189e-01	 1.7240e-01	
 1.6850e-01	 1.4813e-01	 1.5680e-01	
 1.7300e-01	 1.5082e-01	 1.7140e-01	
 1.6470e-01	 1.5122e-01	 1.5940e-01	
 1.6710e-01	 1.4898e-01	 1.6040e-01	
 1.8190e-01	 1.5049e-01	 1.6880e-01	
 1.5610e-01	 1.3024e-01	 1.4980e-01	
 1.5440e-01	 1.2304e-01	 1.4800e-01	
 1.5330e-01	 1.2124e-01	 1.4840e-01	
 1.5570e-01	 1.1953e-01	 1.5180e-01	
 1.5160e-01	 1.2029e-01	 1.4520e-01	
 1.4860e-01	 1.1807e-01	 1.3960e-01	
 1.4980e-01	 1.1807e-01	 1.4400e-01	
 1.4320e-01	 1.2060e-01	 1.3500e-01	
 1.5560e-01	 1.1607e-01	 1.4900e-01	
 1.4300e-01	 1.1802e-01	 1.4240e-01	
 1.4770e-01	 1.1747e-01	 1.5000e-01	
 1.4350e-01	 1.1787e-01	 1.4180e-01	
 1.4550e-01	 1.1696e-01	 1.4080e-01	
 1.5780e-01	 1.1500e-01	 1.4780e-01	
 1.5030e-01	 1.1644e-01	 1.4120e-01	
 1.5180e-01	 1.1647e-01	 1.4700e-01	
 1.4780e-01	 1.1482e-01	 1.4640e-01	
 1.5190e-01	 1.1578e-01	 1.4460e-01	
 1.5200e-01	 1.1644e-01	 1.4780e-01	
 1.5030e-01	 1.1340e-01	 1.4600e-01	
 1.5390e-01	 1.1482e-01	 1.4760e-01	
 1.5000e-01	 1.1404e-01	 1.5440e-01	
 1.4520e-01	 1.1296e-01	 1.4560e-01	
 1.4240e-01	 1.1429e-01	 1.3240e-01	
 1.5200e-01	 1.1282e-01	 1.4260e-01	
 1.4640e-01	 1.1487e-01	 1.3520e-01	
 1.5230e-01	 1.1347e-01	 1.4720e-01	
 1.5640e-01	 1.1122e-01	 1.5520e-01	
 1.4900e-01	 1.1236e-01	 1.4320e-01	
 1.5060e-01	 1.1404e-01	 1.4500e-01	
 1.5150e-01	 1.1187e-01	 1.4560e-01	
 1.4600e-01	 1.1469e-01	 1.4460e-01	
 1.4950e-01	 1.1120e-01	 1.4380e-01	
 1.5220e-01	 1.1227e-01	 1.4620e-01	
 1.4000e-01	 1.1324e-01	 1.3440e-01	
 1.4830e-01	 1.1507e-01	 1.3960e-01	
 1.4480e-01	 1.1304e-01	 1.4500e-01	
 1.5050e-01	 1.1144e-01	 1.4440e-01	
 1.4700e-01	 1.1129e-01	 1.4060e-01	
 1.5180e-01	 1.1398e-01	 1.4160e-01	
 1.5200e-01	 1.1038e-01	 1.4480e-01	
 1.4840e-01	 1.1211e-01	 1.4380e-01	
 1.4360e-01	 1.1451e-01	 1.3300e-01	
 1.5240e-01	 1.1322e-01	 1.4860e-01	
 1.4960e-01	 1.1253e-01	 1.4640e-01	
 1.5830e-01	 1.1258e-01	 1.5500e-01	
 1.5310e-01	 1.1193e-01	 1.3620e-01	
 1.4940e-01	 1.1096e-01	 1.4440e-01	
 1.4570e-01	 1.1024e-01	 1.4040e-01	
 1.3900e-01	 1.1222e-01	 1.3820e-01	
 1.4090e-01	 1.0140e-01	 1.3380e-01	
 1.3760e-01	 9.6978e-02	 1.3220e-01	
 1.4090e-01	 9.5711e-02	 1.2800e-01	
 1.3930e-01	 9.3156e-02	 1.3260e-01	
 1.3900e-01	 9.1756e-02	 1.2700e-01	
 1.3410e-01	 9.0867e-02	 1.2960e-01	
 1.3690e-01	 9.0933e-02	 1.2920e-01	
 1.4660e-01	 8.9089e-02	 1.4040e-01	
 1.3440e-01	 8.9911e-02	 1.2900e-01	
 1.3140e-01	 9.1200e-02	 1.2700e-01	
 1.3380e-01	 8.8778e-02	 1.3000e-01	
 1.3760e-01	 8.8044e-02	 1.3340e-01	
 1.3260e-01	 8.8689e-02	 1.3360e-01	
 1.3830e-01	 8.7156e-02	 1.3160e-01	
 1.4240e-01	 8.9956e-02	 1.3460e-01	
 1.4140e-01	 8.5733e-02	 1.3600e-01	
 1.3710e-01	 8.7889e-02	 1.2980e-01	
 1.4090e-01	 8.9400e-02	 1.3720e-01	
 1.4130e-01	 8.5511e-02	 1.3300e-01	
 1.3480e-01	 8.7178e-02	 1.2940e-01	
 1.4250e-01	 8.6556e-02	 1.2660e-01	
 1.3890e-01	 8.8756e-02	 1.3260e-01	
 1.3720e-01	 8.5644e-02	 1.2760e-01	
 1.3580e-01	 8.4111e-02	 1.3200e-01	
 1.4210e-01	 8.6933e-02	 1.3820e-01	
 1.2840e-01	 8.6778e-02	 1.2700e-01	
 1.4070e-01	 8.4844e-02	 1.3380e-01	
 1.4380e-01	 8.3400e-02	 1.3560e-01	
 1.3540e-01	 8.7200e-02	 1.2260e-01	
 1.4020e-01	 8.7178e-02	 1.3300e-01	
 1.3900e-01	 8.4600e-02	 1.3020e-01	
 1.3390e-01	 8.6022e-02	 1.3100e-01	
 1.3890e-01	 8.5222e-02	 1.3460e-01	
 1.4060e-01	 8.4067e-02	 1.3680e-01	
 1.4340e-01	 8.4178e-02	 1.3640e-01	
 1.4560e-01	 8.3444e-02	 1.4280e-01	
 1.3760e-01	 8.4022e-02	 1.3100e-01	
 1.3570e-01	 8.5222e-02	 1.2860e-01	
 1.3630e-01	 8.1778e-02	 1.3060e-01	
 1.3850e-01	 8.4978e-02	 1.3060e-01	
 1.3480e-01	 8.5178e-02	 1.2860e-01	
 1.4080e-01	 8.2467e-02	 1.3220e-01	
 1.4120e-01	 8.4644e-02	 1.3480e-01	
 1.4010e-01	 8.4289e-02	 1.3500e-01	
 1.3820e-01	 8.3067e-02	 1.3080e-01	
 1.3750e-01	 8.2533e-02	 1.2740e-01	
 1.3850e-01	 8.5311e-02	 1.3340e-01	
 1.3740e-01	 8.2311e-02	 1.3140e-01	
 1.4200e-01	 8.2778e-02	 1.3700e-01	
 1.3690e-01	 8.2333e-02	 1.3300e-01	
 1.2990e-01	 7.4844e-02	 1.2540e-01	
 1.3570e-01	 7.5000e-02	 1.3040e-01	
 1.3480e-01	 7.2911e-02	 1.2720e-01	
 1.3010e-01	 7.1733e-02	 1.2560e-01	
 1.3520e-01	 7.1289e-02	 1.2940e-01	
 1.3410e-01	 7.1289e-02	 1.2820e-01	
 1.3530e-01	 7.0111e-02	 1.2680e-01	
 1.3240e-01	 7.0822e-02	 1.2540e-01	
 1.3460e-01	 7.1867e-02	 1.2660e-01	
 1.3190e-01	 6.8156e-02	 1.3060e-01	
 1.3710e-01	 7.0778e-02	 1.2680e-01	
 1.3740e-01	 6.7822e-02	 1.2360e-01	
 1.3390e-01	 7.0089e-02	 1.2140e-01	
 1.3540e-01	 6.9889e-02	 1.2920e-01	
 1.3910e-01	 6.8400e-02	 1.2860e-01	
 1.3790e-01	 6.6644e-02	 1.3120e-01	
 1.3050e-01	 6.6844e-02	 1.2880e-01	
 1.3240e-01	 6.9333e-02	 1.2900e-01	
 1.3080e-01	 6.7533e-02	 1.2780e-01	
 1.3130e-01	 6.7644e-02	 1.2920e-01	
