Test Error	Training Error	Valid Error	
 9.2300e-01	 9.4893e-01	 9.2298e-01	
 9.1050e-01	 9.1782e-01	 9.1238e-01	
 8.8700e-01	 9.0198e-01	 8.8958e-01	
 8.7910e-01	 8.8618e-01	 8.7558e-01	
 8.6500e-01	 8.7373e-01	 8.6637e-01	
 8.5700e-01	 8.6118e-01	 8.6197e-01	
 8.4060e-01	 8.5384e-01	 8.4197e-01	
 8.3360e-01	 8.3951e-01	 8.2577e-01	
 8.3330e-01	 8.3233e-01	 8.3117e-01	
 8.0740e-01	 8.2524e-01	 8.1596e-01	
 8.0850e-01	 8.1547e-01	 8.1096e-01	
 7.9510e-01	 8.0687e-01	 7.9776e-01	
 7.9260e-01	 7.9744e-01	 7.9916e-01	
 7.8190e-01	 7.8904e-01	 7.8516e-01	
 7.7980e-01	 7.8033e-01	 7.8216e-01	
 7.6700e-01	 7.7367e-01	 7.6835e-01	
 7.5480e-01	 7.6529e-01	 7.5255e-01	
 7.7000e-01	 7.6151e-01	 7.6295e-01	
 7.4940e-01	 7.5742e-01	 7.4335e-01	
 7.4580e-01	 7.5247e-01	 7.4735e-01	
 7.2960e-01	 7.4849e-01	 7.3335e-01	
 7.2970e-01	 7.4471e-01	 7.3375e-01	
 7.3730e-01	 7.3753e-01	 7.4175e-01	
 7.2770e-01	 7.3520e-01	 7.2294e-01	
 7.2840e-01	 7.3284e-01	 7.2955e-01	
 7.2130e-01	 7.2938e-01	 7.1914e-01	
 7.1410e-01	 7.2333e-01	 7.1254e-01	
 7.1470e-01	 7.2151e-01	 7.1214e-01	
 7.1090e-01	 7.1991e-01	 7.0754e-01	
 7.0400e-01	 7.1409e-01	 6.9494e-01	
 7.1000e-01	 7.1396e-01	 7.1194e-01	
 6.9980e-01	 7.0816e-01	 6.9754e-01	
 6.9520e-01	 7.0436e-01	 6.9374e-01	
 7.0320e-01	 7.0282e-01	 6.9974e-01	
 7.0100e-01	 7.0113e-01	 6.9994e-01	
 6.9410e-01	 6.9971e-01	 6.9174e-01	
 6.9720e-01	 6.9744e-01	 6.9174e-01	
 6.8980e-01	 6.9453e-01	 6.8234e-01	
 6.8360e-01	 6.9278e-01	 6.7874e-01	
 6.8490e-01	 6.9082e-01	 6.8494e-01	
 6.9920e-01	 6.8987e-01	 6.9934e-01	
 6.8640e-01	 6.8871e-01	 6.8314e-01	
 6.7540e-01	 6.8827e-01	 6.7033e-01	
 6.6860e-01	 6.8749e-01	 6.6893e-01	
 6.7200e-01	 6.8353e-01	 6.6873e-01	
 6.8100e-01	 6.7936e-01	 6.7674e-01	
 6.7220e-01	 6.8042e-01	 6.6933e-01	
 6.7080e-01	 6.8236e-01	 6.6793e-01	
 6.7020e-01	 6.7709e-01	 6.6993e-01	
 6.6520e-01	 6.7922e-01	 6.5853e-01	
 6.7370e-01	 6.6789e-01	 6.6193e-01	
 6.6020e-01	 6.6556e-01	 6.5753e-01	
 6.5870e-01	 6.6504e-01	 6.5793e-01	
 6.5930e-01	 6.7007e-01	 6.5573e-01	
 6.6080e-01	 6.6162e-01	 6.5873e-01	
 6.5570e-01	 6.6751e-01	 6.4693e-01	
 6.5900e-01	 6.6020e-01	 6.5233e-01	
 6.6410e-01	 6.6571e-01	 6.5773e-01	
 6.6180e-01	 6.6042e-01	 6.5613e-01	
 6.5810e-01	 6.6298e-01	 6.4713e-01	
 6.6120e-01	 6.6058e-01	 6.4833e-01	
 6.5840e-01	 6.6000e-01	 6.5833e-01	
 6.6140e-01	 6.5900e-01	 6.5493e-01	
 6.5700e-01	 6.5829e-01	 6.5073e-01	
 6.5380e-01	 6.6144e-01	 6.4653e-01	
 6.5020e-01	 6.5800e-01	 6.4813e-01	
 6.5260e-01	 6.5738e-01	 6.5553e-01	
 6.5470e-01	 6.5596e-01	 6.4833e-01	
 6.7030e-01	 6.5562e-01	 6.6693e-01	
 6.5000e-01	 6.5662e-01	 6.3873e-01	
 6.5090e-01	 6.5587e-01	 6.4053e-01	
 6.4260e-01	 6.5493e-01	 6.4353e-01	
 6.5890e-01	 6.5367e-01	 6.5833e-01	
 6.5090e-01	 6.5624e-01	 6.4913e-01	
 6.4830e-01	 6.5298e-01	 6.4913e-01	
 6.4480e-01	 6.5380e-01	 6.3913e-01	
 6.4080e-01	 6.5311e-01	 6.4073e-01	
 6.4480e-01	 6.5242e-01	 6.4513e-01	
 6.4750e-01	 6.5362e-01	 6.4493e-01	
 6.4540e-01	 6.5467e-01	 6.4793e-01	
 6.4360e-01	 6.5289e-01	 6.3813e-01	
 6.3240e-01	 6.5031e-01	 6.3113e-01	
 6.4710e-01	 6.5047e-01	 6.3253e-01	
 6.5420e-01	 6.4898e-01	 6.4473e-01	
 6.3790e-01	 6.4860e-01	 6.3653e-01	
 6.5890e-01	 6.5027e-01	 6.5873e-01	
 6.3990e-01	 6.4720e-01	 6.3233e-01	
 6.5450e-01	 6.5218e-01	 6.4473e-01	
 6.5330e-01	 6.4633e-01	 6.5333e-01	
 6.4840e-01	 6.4638e-01	 6.4553e-01	
 6.4160e-01	 6.4847e-01	 6.3393e-01	
 6.4370e-01	 6.4382e-01	 6.3513e-01	
 6.3010e-01	 6.4642e-01	 6.2452e-01	
 6.3460e-01	 6.4664e-01	 6.3553e-01	
 6.3960e-01	 6.4462e-01	 6.3473e-01	
 6.3380e-01	 6.4562e-01	 6.3393e-01	
 6.3960e-01	 6.4744e-01	 6.3553e-01	
 6.4190e-01	 6.4511e-01	 6.3713e-01	
 6.5150e-01	 6.4384e-01	 6.4533e-01	
 6.4180e-01	 6.4296e-01	 6.3613e-01	
 6.3590e-01	 6.3871e-01	 6.2392e-01	
 6.3580e-01	 6.4118e-01	 6.3233e-01	
 6.3440e-01	 6.3780e-01	 6.2873e-01	
 6.3050e-01	 6.3547e-01	 6.2653e-01	
 6.3240e-01	 6.3471e-01	 6.2272e-01	
 6.3670e-01	 6.3691e-01	 6.2793e-01	
 6.2390e-01	 6.3529e-01	 6.1632e-01	
 6.2880e-01	 6.3878e-01	 6.2633e-01	
 6.2570e-01	 6.3616e-01	 6.2072e-01	
 6.2390e-01	 6.3231e-01	 6.2713e-01	
 6.3060e-01	 6.3651e-01	 6.2993e-01	
 6.3560e-01	 6.3424e-01	 6.3393e-01	
 6.3080e-01	 6.3629e-01	 6.2833e-01	
 6.2560e-01	 6.3596e-01	 6.2372e-01	
 6.2600e-01	 6.3304e-01	 6.2533e-01	
 6.3370e-01	 6.3393e-01	 6.2793e-01	
 6.3550e-01	 6.3484e-01	 6.3553e-01	
 6.3550e-01	 6.3402e-01	 6.2953e-01	
 6.2240e-01	 6.3453e-01	 6.2813e-01	
 6.3480e-01	 6.3253e-01	 6.3693e-01	
 6.3610e-01	 6.3433e-01	 6.3173e-01	
 6.3220e-01	 6.3513e-01	 6.2693e-01	
 6.2150e-01	 6.3364e-01	 6.2052e-01	
 6.2280e-01	 6.3340e-01	 6.1872e-01	
 6.2730e-01	 6.3547e-01	 6.2252e-01	
 6.1930e-01	 6.3193e-01	 6.2633e-01	
 6.2300e-01	 6.3313e-01	 6.2713e-01	
 6.1940e-01	 6.3471e-01	 6.2292e-01	
 6.1330e-01	 6.3151e-01	 6.1432e-01	
 6.2090e-01	 6.3311e-01	 6.1772e-01	
 6.2880e-01	 6.3342e-01	 6.2913e-01	
 6.2400e-01	 6.3207e-01	 6.3053e-01	
 6.1670e-01	 6.3231e-01	 6.0972e-01	
 6.1510e-01	 6.3116e-01	 6.1812e-01	
 6.2160e-01	 6.3220e-01	 6.1352e-01	
 6.1160e-01	 6.3149e-01	 6.1272e-01	
 6.2100e-01	 6.3278e-01	 6.1912e-01	
 6.2700e-01	 6.3196e-01	 6.2432e-01	
 6.2750e-01	 6.3118e-01	 6.2292e-01	
 6.2620e-01	 6.2969e-01	 6.1992e-01	
 6.2580e-01	 6.2958e-01	 6.3013e-01	
 6.2430e-01	 6.3100e-01	 6.1872e-01	
 6.2310e-01	 6.2900e-01	 6.1832e-01	
 6.2240e-01	 6.2951e-01	 6.2172e-01	
 6.2820e-01	 6.3002e-01	 6.3393e-01	
 6.2220e-01	 6.2596e-01	 6.1352e-01	
 6.1260e-01	 6.3164e-01	 6.0292e-01	
 6.1890e-01	 6.2856e-01	 6.1812e-01	
 6.2680e-01	 6.2844e-01	 6.2372e-01	
 6.2140e-01	 6.3078e-01	 6.1952e-01	
 6.0990e-01	 6.2407e-01	 6.1292e-01	
 6.0880e-01	 6.2476e-01	 6.1352e-01	
 6.1480e-01	 6.2673e-01	 6.1352e-01	
 6.1830e-01	 6.2367e-01	 6.1792e-01	
 6.2490e-01	 6.2400e-01	 6.1592e-01	
 6.1080e-01	 6.2422e-01	 6.1752e-01	
 6.0910e-01	 6.2173e-01	 6.0932e-01	
 6.2350e-01	 6.2589e-01	 6.1712e-01	
 6.1610e-01	 6.2416e-01	 6.1692e-01	
 6.0970e-01	 6.2329e-01	 6.1332e-01	
 6.2310e-01	 6.2436e-01	 6.1472e-01	
 6.2700e-01	 6.2338e-01	 6.1772e-01	
 6.1630e-01	 6.2164e-01	 6.1432e-01	
 6.2470e-01	 6.2342e-01	 6.2012e-01	
 6.0820e-01	 6.2313e-01	 6.1332e-01	
 6.1440e-01	 6.2100e-01	 6.1792e-01	
 6.1040e-01	 6.2098e-01	 6.0732e-01	
 6.1080e-01	 6.2113e-01	 6.0932e-01	
 6.1460e-01	 6.2542e-01	 6.1532e-01	
 6.1330e-01	 6.2464e-01	 6.1812e-01	
 6.1560e-01	 6.2344e-01	 6.1772e-01	
 6.1460e-01	 6.2518e-01	 6.1952e-01	
 6.1000e-01	 6.2509e-01	 6.1932e-01	
 6.0400e-01	 6.2104e-01	 6.0092e-01	
 6.0360e-01	 6.2262e-01	 6.0832e-01	
 6.1180e-01	 6.2449e-01	 6.0372e-01	
 6.1730e-01	 6.2302e-01	 6.0972e-01	
 6.1960e-01	 6.2456e-01	 6.2252e-01	
 6.1410e-01	 6.2340e-01	 6.1412e-01	
 6.2190e-01	 6.2418e-01	 6.1572e-01	
 6.2420e-01	 6.2236e-01	 6.1772e-01	
 6.0150e-01	 6.2184e-01	 6.0732e-01	
 6.1270e-01	 6.2558e-01	 6.0912e-01	
 6.1180e-01	 6.2307e-01	 6.1252e-01	
 6.2010e-01	 6.2298e-01	 6.2813e-01	
 6.1690e-01	 6.2311e-01	 6.2332e-01	
 6.1550e-01	 6.2453e-01	 6.1172e-01	
 6.0940e-01	 6.2209e-01	 6.0672e-01	
 6.1050e-01	 6.2260e-01	 6.0592e-01	
 6.0800e-01	 6.2302e-01	 6.0612e-01	
 6.0470e-01	 6.2249e-01	 6.0792e-01	
 6.0170e-01	 6.2282e-01	 6.0292e-01	
 6.1560e-01	 6.2173e-01	 6.1292e-01	
 6.0670e-01	 6.2100e-01	 6.0792e-01	
 6.0940e-01	 6.2409e-01	 6.0592e-01	
 6.1310e-01	 6.2184e-01	 6.1072e-01	
 6.0750e-01	 6.2518e-01	 6.0892e-01	
 6.1100e-01	 6.2253e-01	 6.0872e-01	
 6.2080e-01	 6.2411e-01	 6.2012e-01	
 6.1450e-01	 6.2276e-01	 6.2272e-01	
 6.0330e-01	 6.1936e-01	 6.0932e-01	
 6.0360e-01	 6.1587e-01	 5.9952e-01	
 6.0110e-01	 6.1667e-01	 6.0992e-01	
 6.0990e-01	 6.1762e-01	 6.1152e-01	
 6.0800e-01	 6.1804e-01	 6.1172e-01	
 6.0300e-01	 6.1662e-01	 6.0872e-01	
 6.1310e-01	 6.1656e-01	 6.1632e-01	
 6.1290e-01	 6.2084e-01	 6.1092e-01	
 6.0390e-01	 6.1793e-01	 6.0412e-01	
 6.1660e-01	 6.2009e-01	 6.1632e-01	
 6.0030e-01	 6.2118e-01	 6.0192e-01	
 6.0740e-01	 6.1738e-01	 6.0532e-01	
 6.0340e-01	 6.1804e-01	 6.0312e-01	
 6.0760e-01	 6.1816e-01	 6.0632e-01	
 6.1160e-01	 6.1784e-01	 6.1072e-01	
 6.0930e-01	 6.1911e-01	 6.1012e-01	
 6.0750e-01	 6.1718e-01	 6.0872e-01	
 6.0360e-01	 6.1573e-01	 6.0832e-01	
 6.0740e-01	 6.1662e-01	 6.0492e-01	
 6.2570e-01	 6.1911e-01	 6.1632e-01	
 6.0930e-01	 6.1607e-01	 6.0632e-01	
 6.0640e-01	 6.1964e-01	 6.0032e-01	
 6.1090e-01	 6.1920e-01	 6.0592e-01	
 6.0600e-01	 6.1829e-01	 5.9832e-01	
 6.1150e-01	 6.1953e-01	 6.1132e-01	
 6.0690e-01	 6.1940e-01	 6.0692e-01	
 6.0650e-01	 6.1802e-01	 6.0452e-01	
 6.0530e-01	 6.1898e-01	 6.0592e-01	
 6.1350e-01	 6.2049e-01	 6.0532e-01	
 6.2640e-01	 6.2111e-01	 6.2973e-01	
 6.1520e-01	 6.1807e-01	 6.1472e-01	
 6.0690e-01	 6.1909e-01	 5.9992e-01	
 6.1150e-01	 6.2018e-01	 6.0632e-01	
 6.0820e-01	 6.1544e-01	 6.0712e-01	
 6.1140e-01	 6.1842e-01	 6.1172e-01	
 6.1050e-01	 6.1600e-01	 6.0672e-01	
 6.0120e-01	 6.1880e-01	 6.0052e-01	
 6.0220e-01	 6.1784e-01	 6.0332e-01	
 6.0870e-01	 6.2209e-01	 6.0572e-01	
 6.0730e-01	 6.1936e-01	 6.0832e-01	
 6.0410e-01	 6.1800e-01	 6.0532e-01	
 6.0460e-01	 6.1669e-01	 6.0912e-01	
 6.0710e-01	 6.1604e-01	 6.0472e-01	
 6.0070e-01	 6.1716e-01	 5.9972e-01	
 5.9880e-01	 6.1813e-01	 6.0212e-01	
 6.0710e-01	 6.2102e-01	 6.1392e-01	
 6.0780e-01	 6.2018e-01	 6.0812e-01	
 5.9970e-01	 6.1804e-01	 5.9952e-01	
 6.0470e-01	 6.1753e-01	 6.1072e-01	
 6.0830e-01	 6.2044e-01	 6.0992e-01	
 6.0440e-01	 6.1473e-01	 6.0632e-01	
 6.0460e-01	 6.1307e-01	 6.0612e-01	
 6.0110e-01	 6.1622e-01	 6.0232e-01	
 5.9910e-01	 6.1393e-01	 5.9532e-01	
 6.0960e-01	 6.1427e-01	 6.0632e-01	
 5.9960e-01	 6.1111e-01	 5.9952e-01	
 6.0560e-01	 6.1371e-01	 5.9592e-01	
 6.0360e-01	 6.1280e-01	 6.0392e-01	
 6.0480e-01	 6.1402e-01	 6.0592e-01	
 6.0850e-01	 6.1320e-01	 6.0232e-01	
 6.0450e-01	 6.1511e-01	 6.0112e-01	
 6.0520e-01	 6.1318e-01	 6.0392e-01	
 6.0560e-01	 6.1631e-01	 6.0472e-01	
 6.1200e-01	 6.1607e-01	 6.0932e-01	
 6.1040e-01	 6.1596e-01	 6.0832e-01	
 5.9470e-01	 6.1400e-01	 5.9632e-01	
 6.0980e-01	 6.1393e-01	 6.1092e-01	
 6.1360e-01	 6.1580e-01	 6.1432e-01	
 6.0240e-01	 6.1098e-01	 6.0492e-01	
 6.0690e-01	 6.1598e-01	 6.0332e-01	
 6.1330e-01	 6.1444e-01	 6.0692e-01	
 6.0890e-01	 6.1613e-01	 6.1192e-01	
 6.0230e-01	 6.1540e-01	 5.9732e-01	
 6.0210e-01	 6.1193e-01	 6.0472e-01	
 5.9600e-01	 6.1496e-01	 5.9572e-01	
 6.1240e-01	 6.1476e-01	 6.0352e-01	
 5.9590e-01	 6.1360e-01	 5.9732e-01	
 6.1410e-01	 6.1682e-01	 6.1712e-01	
 6.0150e-01	 6.1569e-01	 6.0572e-01	
 6.0680e-01	 6.1662e-01	 6.0652e-01	
 5.9910e-01	 6.1384e-01	 6.0172e-01	
 6.0380e-01	 6.1384e-01	 6.0512e-01	
 6.0520e-01	 6.1507e-01	 6.0432e-01	
 6.1020e-01	 6.1536e-01	 6.1912e-01	
 6.1890e-01	 6.1551e-01	 6.1172e-01	
 6.0560e-01	 6.1527e-01	 6.0212e-01	
 6.0670e-01	 6.1489e-01	 6.0612e-01	
 6.0490e-01	 6.1302e-01	 6.0852e-01	
 6.0950e-01	 6.1433e-01	 6.1472e-01	
 6.1800e-01	 6.1444e-01	 6.0932e-01	
 6.0280e-01	 6.1509e-01	 5.9612e-01	
 6.0320e-01	 6.1527e-01	 6.0252e-01	
 6.0390e-01	 6.1691e-01	 6.0152e-01	
 6.1380e-01	 6.1547e-01	 6.1572e-01	
 6.0120e-01	 6.1427e-01	 6.0372e-01	
 6.0650e-01	 6.1767e-01	 6.0772e-01	
 6.0740e-01	 6.1462e-01	 6.1112e-01	
 6.0170e-01	 6.1589e-01	 6.0592e-01	
 6.0550e-01	 6.1622e-01	 6.0772e-01	
 6.0520e-01	 6.1542e-01	 6.0492e-01	
 6.1310e-01	 6.1307e-01	 6.0772e-01	
 6.0060e-01	 6.1373e-01	 6.0172e-01	
